[2021-05-10 11:36:32Z INFO HostContext] No proxy settings were found based on environmental variables (http_proxy/https_proxy/HTTP_PROXY/HTTPS_PROXY)
[2021-05-10 11:36:32Z INFO HostContext] Well known directory 'Bin': '/home/edge/Desktop/Workshop_Siemens_IE_App_Development_2021_05_10/CI_CD_GitHubActions_ExampleApp/CI_CD/actions-runner/bin'
[2021-05-10 11:36:32Z INFO HostContext] Well known directory 'Root': '/home/edge/Desktop/Workshop_Siemens_IE_App_Development_2021_05_10/CI_CD_GitHubActions_ExampleApp/CI_CD/actions-runner'
[2021-05-10 11:36:32Z INFO HostContext] Well known config file 'Credentials': '/home/edge/Desktop/Workshop_Siemens_IE_App_Development_2021_05_10/CI_CD_GitHubActions_ExampleApp/CI_CD/actions-runner/.credentials'
[2021-05-10 11:36:32Z INFO Listener] Runner is built for Linux (X64) - linux-x64.
[2021-05-10 11:36:32Z INFO Listener] RuntimeInformation: Linux 5.4.0-72-generic #80~18.04.1-Ubuntu SMP Mon Apr 12 23:26:25 UTC 2021.
[2021-05-10 11:36:32Z INFO Listener] Version: 2.278.0
[2021-05-10 11:36:32Z INFO Listener] Commit: 62d926efce35d3ea16d7624a25aaa5b300737def
[2021-05-10 11:36:32Z INFO Listener] Culture: en-US
[2021-05-10 11:36:32Z INFO Listener] UI Culture: en-US
[2021-05-10 11:36:32Z INFO HostContext] Well known directory 'Bin': '/home/edge/Desktop/Workshop_Siemens_IE_App_Development_2021_05_10/CI_CD_GitHubActions_ExampleApp/CI_CD/actions-runner/bin'
[2021-05-10 11:36:32Z INFO HostContext] Well known directory 'Root': '/home/edge/Desktop/Workshop_Siemens_IE_App_Development_2021_05_10/CI_CD_GitHubActions_ExampleApp/CI_CD/actions-runner'
[2021-05-10 11:36:32Z INFO Listener] Validating directory permissions for: '/home/edge/Desktop/Workshop_Siemens_IE_App_Development_2021_05_10/CI_CD_GitHubActions_ExampleApp/CI_CD/actions-runner'
[2021-05-10 11:36:32Z INFO CommandLineParser] Parse
[2021-05-10 11:36:32Z INFO CommandLineParser] Parsing 1 args
[2021-05-10 11:36:32Z INFO CommandLineParser] parsing argument
[2021-05-10 11:36:32Z INFO CommandLineParser] HasArgs: False
[2021-05-10 11:36:32Z INFO CommandLineParser] Adding Command: run
[2021-05-10 11:36:32Z INFO Listener] Arguments parsed
[2021-05-10 11:36:32Z INFO Runner] ExecuteCommand
[2021-05-10 11:36:32Z INFO ConfigurationStore] currentAssemblyLocation: /home/edge/Desktop/Workshop_Siemens_IE_App_Development_2021_05_10/CI_CD_GitHubActions_ExampleApp/CI_CD/actions-runner/bin/Runner.Listener.dll
[2021-05-10 11:36:32Z INFO HostContext] Well known directory 'Bin': '/home/edge/Desktop/Workshop_Siemens_IE_App_Development_2021_05_10/CI_CD_GitHubActions_ExampleApp/CI_CD/actions-runner/bin'
[2021-05-10 11:36:32Z INFO ConfigurationStore] binPath: /home/edge/Desktop/Workshop_Siemens_IE_App_Development_2021_05_10/CI_CD_GitHubActions_ExampleApp/CI_CD/actions-runner/bin
[2021-05-10 11:36:32Z INFO HostContext] Well known directory 'Bin': '/home/edge/Desktop/Workshop_Siemens_IE_App_Development_2021_05_10/CI_CD_GitHubActions_ExampleApp/CI_CD/actions-runner/bin'
[2021-05-10 11:36:32Z INFO HostContext] Well known directory 'Root': '/home/edge/Desktop/Workshop_Siemens_IE_App_Development_2021_05_10/CI_CD_GitHubActions_ExampleApp/CI_CD/actions-runner'
[2021-05-10 11:36:32Z INFO ConfigurationStore] RootFolder: /home/edge/Desktop/Workshop_Siemens_IE_App_Development_2021_05_10/CI_CD_GitHubActions_ExampleApp/CI_CD/actions-runner
[2021-05-10 11:36:32Z INFO HostContext] Well known directory 'Bin': '/home/edge/Desktop/Workshop_Siemens_IE_App_Development_2021_05_10/CI_CD_GitHubActions_ExampleApp/CI_CD/actions-runner/bin'
[2021-05-10 11:36:32Z INFO HostContext] Well known directory 'Root': '/home/edge/Desktop/Workshop_Siemens_IE_App_Development_2021_05_10/CI_CD_GitHubActions_ExampleApp/CI_CD/actions-runner'
[2021-05-10 11:36:32Z INFO HostContext] Well known config file 'Runner': '/home/edge/Desktop/Workshop_Siemens_IE_App_Development_2021_05_10/CI_CD_GitHubActions_ExampleApp/CI_CD/actions-runner/.runner'
[2021-05-10 11:36:32Z INFO ConfigurationStore] ConfigFilePath: /home/edge/Desktop/Workshop_Siemens_IE_App_Development_2021_05_10/CI_CD_GitHubActions_ExampleApp/CI_CD/actions-runner/.runner
[2021-05-10 11:36:32Z INFO HostContext] Well known directory 'Bin': '/home/edge/Desktop/Workshop_Siemens_IE_App_Development_2021_05_10/CI_CD_GitHubActions_ExampleApp/CI_CD/actions-runner/bin'
[2021-05-10 11:36:32Z INFO HostContext] Well known directory 'Root': '/home/edge/Desktop/Workshop_Siemens_IE_App_Development_2021_05_10/CI_CD_GitHubActions_ExampleApp/CI_CD/actions-runner'
[2021-05-10 11:36:32Z INFO HostContext] Well known config file 'Credentials': '/home/edge/Desktop/Workshop_Siemens_IE_App_Development_2021_05_10/CI_CD_GitHubActions_ExampleApp/CI_CD/actions-runner/.credentials'
[2021-05-10 11:36:32Z INFO ConfigurationStore] CredFilePath: /home/edge/Desktop/Workshop_Siemens_IE_App_Development_2021_05_10/CI_CD_GitHubActions_ExampleApp/CI_CD/actions-runner/.credentials
[2021-05-10 11:36:32Z INFO HostContext] Well known directory 'Bin': '/home/edge/Desktop/Workshop_Siemens_IE_App_Development_2021_05_10/CI_CD_GitHubActions_ExampleApp/CI_CD/actions-runner/bin'
[2021-05-10 11:36:32Z INFO HostContext] Well known directory 'Root': '/home/edge/Desktop/Workshop_Siemens_IE_App_Development_2021_05_10/CI_CD_GitHubActions_ExampleApp/CI_CD/actions-runner'
[2021-05-10 11:36:32Z INFO HostContext] Well known config file 'MigratedCredentials': '/home/edge/Desktop/Workshop_Siemens_IE_App_Development_2021_05_10/CI_CD_GitHubActions_ExampleApp/CI_CD/actions-runner/.credentials_migrated'
[2021-05-10 11:36:32Z INFO ConfigurationStore] MigratedCredFilePath: /home/edge/Desktop/Workshop_Siemens_IE_App_Development_2021_05_10/CI_CD_GitHubActions_ExampleApp/CI_CD/actions-runner/.credentials_migrated
[2021-05-10 11:36:32Z INFO HostContext] Well known directory 'Bin': '/home/edge/Desktop/Workshop_Siemens_IE_App_Development_2021_05_10/CI_CD_GitHubActions_ExampleApp/CI_CD/actions-runner/bin'
[2021-05-10 11:36:32Z INFO HostContext] Well known directory 'Root': '/home/edge/Desktop/Workshop_Siemens_IE_App_Development_2021_05_10/CI_CD_GitHubActions_ExampleApp/CI_CD/actions-runner'
[2021-05-10 11:36:32Z INFO HostContext] Well known config file 'Service': '/home/edge/Desktop/Workshop_Siemens_IE_App_Development_2021_05_10/CI_CD_GitHubActions_ExampleApp/CI_CD/actions-runner/.service'
[2021-05-10 11:36:32Z INFO ConfigurationStore] ServiceConfigFilePath: /home/edge/Desktop/Workshop_Siemens_IE_App_Development_2021_05_10/CI_CD_GitHubActions_ExampleApp/CI_CD/actions-runner/.service
[2021-05-10 11:36:32Z INFO CommandSettings] Flag 'help': 'False'
[2021-05-10 11:36:32Z INFO CommandSettings] Flag 'version': 'False'
[2021-05-10 11:36:32Z INFO CommandSettings] Flag 'commit': 'False'
[2021-05-10 11:36:32Z INFO CommandSettings] Flag 'check': 'False'
[2021-05-10 11:36:32Z INFO CommandSettings] Command 'configure': 'False'
[2021-05-10 11:36:32Z INFO CommandSettings] Command 'remove': 'False'
[2021-05-10 11:36:32Z INFO CommandSettings] Command 'warmup': 'False'
[2021-05-10 11:36:32Z INFO ConfigurationManager] LoadSettings
[2021-05-10 11:36:32Z INFO ConfigurationStore] IsConfigured()
[2021-05-10 11:36:32Z INFO ConfigurationStore] IsConfigured: True
[2021-05-10 11:36:32Z INFO ConfigurationManager] Is configured: True
[2021-05-10 11:36:32Z INFO ConfigurationStore] Read setting file: 318 chars
[2021-05-10 11:36:32Z INFO ConfigurationManager] Settings Loaded
[2021-05-10 11:36:32Z INFO ConfigurationStore] IsServiceConfigured()
[2021-05-10 11:36:32Z INFO ConfigurationStore] IsServiceConfigured: False
[2021-05-10 11:36:32Z INFO CommandSettings] Command 'run': 'True'
[2021-05-10 11:36:32Z INFO ConfigurationStore] IsConfigured()
[2021-05-10 11:36:32Z INFO ConfigurationStore] IsConfigured: True
[2021-05-10 11:36:32Z INFO ConfigurationManager] Is configured: True
[2021-05-10 11:36:32Z INFO Runner] Could not parse the argument value '' for StartupType. Defaulting to Manual
[2021-05-10 11:36:32Z INFO Runner] Set runner startup type - Manual
[2021-05-10 11:36:32Z INFO CommandSettings] Flag 'once': 'False'
[2021-05-10 11:36:32Z INFO Runner] RunAsync
[2021-05-10 11:36:32Z INFO ConfigurationManager] LoadSettings
[2021-05-10 11:36:32Z INFO ConfigurationStore] IsConfigured()
[2021-05-10 11:36:32Z INFO ConfigurationStore] IsConfigured: True
[2021-05-10 11:36:32Z INFO ConfigurationManager] Is configured: True
[2021-05-10 11:36:32Z INFO ConfigurationManager] Settings Loaded
[2021-05-10 11:36:32Z INFO MessageListener] {
  "AgentId": 28,
  "AgentName": "devvm",
  "PoolId": 1,
  "PoolName": "Default",
  "ServerUrl": "https://pipelines.actions.githubusercontent.com/hdNHEu0sfqqgx7Nr29BrOialpboOVIAqWjiEvo0RHIHrFAd8PX",
  "GitHubUrl": "https://github.com/SiemensIndustrialEdgeITA/CI_CD_GitHubActions_ExampleApp",
  "WorkFolder": "_work"
}
[2021-05-10 11:36:32Z INFO MessageListener] Loading Credentials
[2021-05-10 11:36:32Z INFO ConfigurationStore] HasCredentials()
[2021-05-10 11:36:32Z INFO ConfigurationStore] stored True
[2021-05-10 11:36:32Z INFO CredentialManager] GetCredentialProvider
[2021-05-10 11:36:32Z INFO CredentialManager] Creating type OAuth
[2021-05-10 11:36:32Z INFO CredentialManager] Creating credential type: OAuth
[2021-05-10 11:36:32Z INFO HostContext] Well known directory 'Bin': '/home/edge/Desktop/Workshop_Siemens_IE_App_Development_2021_05_10/CI_CD_GitHubActions_ExampleApp/CI_CD/actions-runner/bin'
[2021-05-10 11:36:32Z INFO HostContext] Well known directory 'Root': '/home/edge/Desktop/Workshop_Siemens_IE_App_Development_2021_05_10/CI_CD_GitHubActions_ExampleApp/CI_CD/actions-runner'
[2021-05-10 11:36:32Z INFO HostContext] Well known config file 'RSACredentials': '/home/edge/Desktop/Workshop_Siemens_IE_App_Development_2021_05_10/CI_CD_GitHubActions_ExampleApp/CI_CD/actions-runner/.credentials_rsaparams'
[2021-05-10 11:36:32Z INFO RSAFileKeyManager] Loading RSA key parameters from file /home/edge/Desktop/Workshop_Siemens_IE_App_Development_2021_05_10/CI_CD_GitHubActions_ExampleApp/CI_CD/actions-runner/.credentials_rsaparams
[2021-05-10 11:36:32Z INFO MessageListener] Attempt to create session.
[2021-05-10 11:36:32Z INFO MessageListener] Connecting to the Runner Server...
[2021-05-10 11:36:32Z INFO RunnerServer] Establish connection with 100 seconds timeout.
[2021-05-10 11:36:32Z INFO GitHubActionsService] Starting operation Location.GetConnectionData
[2021-05-10 11:36:32Z INFO RunnerServer] Establish connection with 60 seconds timeout.
[2021-05-10 11:36:32Z INFO GitHubActionsService] Starting operation Location.GetConnectionData
[2021-05-10 11:36:32Z INFO RunnerServer] Establish connection with 60 seconds timeout.
[2021-05-10 11:36:32Z INFO GitHubActionsService] Starting operation Location.GetConnectionData
[2021-05-10 11:36:33Z INFO GitHubActionsService] Finished operation Location.GetConnectionData
[2021-05-10 11:36:33Z INFO GitHubActionsService] Finished operation Location.GetConnectionData
[2021-05-10 11:36:33Z INFO GitHubActionsService] Finished operation Location.GetConnectionData
[2021-05-10 11:36:33Z INFO MessageListener] VssConnection created
[2021-05-10 11:36:33Z INFO Terminal] WRITE LINE: 
[2021-05-10 11:36:33Z INFO Terminal] WRITE LINE: 
[2021-05-10 11:36:33Z WARN GitHubActionsService] Authentication failed with status code 401.
Transfer-Encoding: chunked
WWW-Authenticate: Bearer
Strict-Transport-Security: max-age=2592000
X-TFS-ProcessId: a3ef4eab-0ba9-42ca-8a46-be6ff7dafe88
ActivityId: aba3354b-9e3c-49ba-ab2d-5fd154129d53
X-TFS-Session: a715fc8b-603e-4402-bcb6-a6b555f1eed0
X-VSS-E2EID: f32b6045-37e8-402a-a5c1-0b3651188692
X-VSS-SenderDeploymentId: ac98198d-4d34-0364-420d-bafa6e51dce2
X-TFS-ServiceError: The+user+%27System%3aPublicAccess%3baaaaaaaa-aaaa-aaaa-aaaa-aaaaaaaaaaaa%27+is+not+authorized+to+access+this+resource.
X-VSS-S2STargetService: 0000005A-0000-8888-8000-000000000000/visualstudio.com
X-MSEdge-Ref: Ref A: BA9B98564786401AB9E9BFF67BA53D33 Ref B: MIL30EDGE0811 Ref C: 2021-05-10T11:36:36Z
Date: Mon, 10 May 2021 11:36:36 GMT

[2021-05-10 11:36:33Z INFO RSAFileKeyManager] Loading RSA key parameters from file /home/edge/Desktop/Workshop_Siemens_IE_App_Development_2021_05_10/CI_CD_GitHubActions_ExampleApp/CI_CD/actions-runner/.credentials_rsaparams
[2021-05-10 11:36:33Z INFO RSAFileKeyManager] Loading RSA key parameters from file /home/edge/Desktop/Workshop_Siemens_IE_App_Development_2021_05_10/CI_CD_GitHubActions_ExampleApp/CI_CD/actions-runner/.credentials_rsaparams
[2021-05-10 11:36:34Z INFO GitHubActionsService] AAD Correlation ID for this token request: Unknown
[2021-05-10 11:36:34Z INFO MessageListener] Session created.
[2021-05-10 11:36:34Z INFO Terminal] WRITE LINE: 2021-05-10 11:36:34Z: Listening for Jobs
[2021-05-10 11:36:34Z INFO JobDispatcher] Set runner/worker IPC timeout to 30 seconds.
[2021-05-10 11:36:38Z INFO RSAFileKeyManager] Loading RSA key parameters from file /home/edge/Desktop/Workshop_Siemens_IE_App_Development_2021_05_10/CI_CD_GitHubActions_ExampleApp/CI_CD/actions-runner/.credentials_rsaparams
[2021-05-10 11:36:38Z INFO MessageListener] Message '1' received from session '3ce0d9f2-def4-403f-b112-d14082f6607e'.
[2021-05-10 11:36:38Z INFO JobDispatcher] Job request 2 for plan 22c318d6-f4ba-4633-8733-eff338835233 job ca395085-040a-526b-2ce8-bdc85f692774 received.
[2021-05-10 11:36:38Z INFO JobDispatcher] Pull OrchestrationId 22c318d6-f4ba-4633-8733-eff338835233.build.__default from JWT claims
[2021-05-10 11:36:38Z INFO Terminal] WRITE LINE: 2021-05-10 11:36:38Z: Running job: build
[2021-05-10 11:36:38Z INFO JobDispatcher] Start renew job request 2 for job ca395085-040a-526b-2ce8-bdc85f692774.
[2021-05-10 11:36:38Z INFO JobDispatcher] Successfully renew job request 2, job is valid till 5/10/2021 11:46:41 AM
[2021-05-10 11:36:38Z INFO HostContext] Well known directory 'Bin': '/home/edge/Desktop/Workshop_Siemens_IE_App_Development_2021_05_10/CI_CD_GitHubActions_ExampleApp/CI_CD/actions-runner/bin'
[2021-05-10 11:36:38Z INFO ProcessInvokerWrapper] Starting process:
[2021-05-10 11:36:38Z INFO ProcessInvokerWrapper]   File name: '/home/edge/Desktop/Workshop_Siemens_IE_App_Development_2021_05_10/CI_CD_GitHubActions_ExampleApp/CI_CD/actions-runner/bin/Runner.Worker'
[2021-05-10 11:36:38Z INFO ProcessInvokerWrapper]   Arguments: 'spawnclient 102 105'
[2021-05-10 11:36:38Z INFO ProcessInvokerWrapper]   Working directory: '/home/edge/Desktop/Workshop_Siemens_IE_App_Development_2021_05_10/CI_CD_GitHubActions_ExampleApp/CI_CD/actions-runner/bin'
[2021-05-10 11:36:38Z INFO ProcessInvokerWrapper]   Require exit code zero: 'False'
[2021-05-10 11:36:38Z INFO ProcessInvokerWrapper]   Encoding web name:  ; code page: ''
[2021-05-10 11:36:38Z INFO ProcessInvokerWrapper]   Force kill process on cancellation: 'True'
[2021-05-10 11:36:38Z INFO ProcessInvokerWrapper]   Redirected STDIN: 'False'
[2021-05-10 11:36:38Z INFO ProcessInvokerWrapper]   Persist current code page: 'False'
[2021-05-10 11:36:38Z INFO ProcessInvokerWrapper]   Keep redirected STDIN open: 'False'
[2021-05-10 11:36:38Z INFO ProcessInvokerWrapper]   High priority process: 'True'
[2021-05-10 11:36:38Z INFO ProcessInvokerWrapper] Process started with process id 28227, waiting for process exit.
[2021-05-10 11:36:38Z INFO JobDispatcher] Send job request message to worker for job ca395085-040a-526b-2ce8-bdc85f692774.
[2021-05-10 11:36:38Z INFO JobNotification] Entering JobStarted Notification
[2021-05-10 11:36:38Z INFO JobNotification] Entering StartMonitor
[2021-05-10 11:37:04Z INFO ProcessInvokerWrapper] STDOUT/STDERR stream read finished.
[2021-05-10 11:37:04Z INFO ProcessInvokerWrapper] STDOUT/STDERR stream read finished.
[2021-05-10 11:37:04Z INFO ProcessInvokerWrapper] Finished process 28227 with exit code 100, and elapsed time 00:00:25.4713232.
[2021-05-10 11:37:04Z INFO JobDispatcher] Worker finished for job ca395085-040a-526b-2ce8-bdc85f692774. Code: 100
[2021-05-10 11:37:04Z INFO JobDispatcher] finish job request for job ca395085-040a-526b-2ce8-bdc85f692774 with result: Succeeded
[2021-05-10 11:37:04Z INFO Terminal] WRITE LINE: 2021-05-10 11:37:04Z: Job build completed with result: Succeeded
[2021-05-10 11:37:04Z INFO JobDispatcher] Stop renew job request for job ca395085-040a-526b-2ce8-bdc85f692774.
[2021-05-10 11:37:04Z INFO JobDispatcher] job renew has been canceled, stop renew job request 2.
[2021-05-10 11:37:04Z INFO JobNotification] Entering JobCompleted Notification
[2021-05-10 11:37:04Z INFO JobNotification] Entering EndMonitor
[2021-05-10 11:37:05Z INFO RSAFileKeyManager] Loading RSA key parameters from file /home/edge/Desktop/Workshop_Siemens_IE_App_Development_2021_05_10/CI_CD_GitHubActions_ExampleApp/CI_CD/actions-runner/.credentials_rsaparams
[2021-05-10 11:37:05Z INFO MessageListener] Message '2' received from session '3ce0d9f2-def4-403f-b112-d14082f6607e'.
[2021-05-10 11:37:05Z INFO JobDispatcher] Job request 3 for plan cfd333de-5be5-401b-9d47-df3a71a712d4 job ca395085-040a-526b-2ce8-bdc85f692774 received.
[2021-05-10 11:37:05Z INFO JobDispatcher] Pull OrchestrationId cfd333de-5be5-401b-9d47-df3a71a712d4.build.__default from JWT claims
[2021-05-10 11:37:05Z INFO JobDispatcher] Job request ca395085-040a-526b-2ce8-bdc85f692774 processed succeed.
[2021-05-10 11:37:05Z INFO Terminal] WRITE LINE: 2021-05-10 11:37:05Z: Running job: build
[2021-05-10 11:37:05Z INFO JobDispatcher] Start renew job request 3 for job ca395085-040a-526b-2ce8-bdc85f692774.
[2021-05-10 11:37:05Z INFO JobDispatcher] Successfully renew job request 3, job is valid till 5/10/2021 11:47:08 AM
[2021-05-10 11:37:05Z INFO HostContext] Well known directory 'Bin': '/home/edge/Desktop/Workshop_Siemens_IE_App_Development_2021_05_10/CI_CD_GitHubActions_ExampleApp/CI_CD/actions-runner/bin'
[2021-05-10 11:37:05Z INFO ProcessInvokerWrapper] Starting process:
[2021-05-10 11:37:05Z INFO ProcessInvokerWrapper]   File name: '/home/edge/Desktop/Workshop_Siemens_IE_App_Development_2021_05_10/CI_CD_GitHubActions_ExampleApp/CI_CD/actions-runner/bin/Runner.Worker'
[2021-05-10 11:37:05Z INFO ProcessInvokerWrapper]   Arguments: 'spawnclient 102 105'
[2021-05-10 11:37:05Z INFO ProcessInvokerWrapper]   Working directory: '/home/edge/Desktop/Workshop_Siemens_IE_App_Development_2021_05_10/CI_CD_GitHubActions_ExampleApp/CI_CD/actions-runner/bin'
[2021-05-10 11:37:05Z INFO ProcessInvokerWrapper]   Require exit code zero: 'False'
[2021-05-10 11:37:05Z INFO ProcessInvokerWrapper]   Encoding web name:  ; code page: ''
[2021-05-10 11:37:05Z INFO ProcessInvokerWrapper]   Force kill process on cancellation: 'True'
[2021-05-10 11:37:05Z INFO ProcessInvokerWrapper]   Redirected STDIN: 'False'
[2021-05-10 11:37:05Z INFO ProcessInvokerWrapper]   Persist current code page: 'False'
[2021-05-10 11:37:05Z INFO ProcessInvokerWrapper]   Keep redirected STDIN open: 'False'
[2021-05-10 11:37:05Z INFO ProcessInvokerWrapper]   High priority process: 'True'
[2021-05-10 11:37:05Z INFO ProcessInvokerWrapper] Process started with process id 28570, waiting for process exit.
[2021-05-10 11:37:05Z INFO JobDispatcher] Send job request message to worker for job ca395085-040a-526b-2ce8-bdc85f692774.
[2021-05-10 11:37:05Z INFO JobNotification] Entering JobStarted Notification
[2021-05-10 11:37:05Z INFO JobNotification] Entering StartMonitor
[2021-05-10 11:37:19Z INFO ProcessInvokerWrapper] STDOUT/STDERR stream read finished.
[2021-05-10 11:37:19Z INFO ProcessInvokerWrapper] STDOUT/STDERR stream read finished.
[2021-05-10 11:37:19Z INFO ProcessInvokerWrapper] Finished process 28570 with exit code 100, and elapsed time 00:00:13.2779390.
[2021-05-10 11:37:19Z INFO JobDispatcher] Worker finished for job ca395085-040a-526b-2ce8-bdc85f692774. Code: 100
[2021-05-10 11:37:19Z INFO JobDispatcher] finish job request for job ca395085-040a-526b-2ce8-bdc85f692774 with result: Succeeded
[2021-05-10 11:37:19Z INFO Terminal] WRITE LINE: 2021-05-10 11:37:19Z: Job build completed with result: Succeeded
[2021-05-10 11:37:19Z INFO JobDispatcher] Stop renew job request for job ca395085-040a-526b-2ce8-bdc85f692774.
[2021-05-10 11:37:19Z INFO JobDispatcher] job renew has been canceled, stop renew job request 3.
[2021-05-10 11:37:19Z INFO JobNotification] Entering JobCompleted Notification
[2021-05-10 11:37:19Z INFO JobNotification] Entering EndMonitor
[2021-05-10 11:37:22Z INFO RSAFileKeyManager] Loading RSA key parameters from file /home/edge/Desktop/Workshop_Siemens_IE_App_Development_2021_05_10/CI_CD_GitHubActions_ExampleApp/CI_CD/actions-runner/.credentials_rsaparams
[2021-05-10 11:37:22Z INFO MessageListener] Message '3' received from session '3ce0d9f2-def4-403f-b112-d14082f6607e'.
[2021-05-10 11:37:22Z INFO JobDispatcher] Job request 4 for plan 0cf5ba3e-68dd-47ce-9fde-9ed394bcba6d job ca395085-040a-526b-2ce8-bdc85f692774 received.
[2021-05-10 11:37:22Z INFO JobDispatcher] Pull OrchestrationId 0cf5ba3e-68dd-47ce-9fde-9ed394bcba6d.build.__default from JWT claims
[2021-05-10 11:37:22Z INFO JobDispatcher] Job request ca395085-040a-526b-2ce8-bdc85f692774 processed succeed.
[2021-05-10 11:37:22Z INFO Terminal] WRITE LINE: 2021-05-10 11:37:22Z: Running job: build
[2021-05-10 11:37:22Z INFO JobDispatcher] Start renew job request 4 for job ca395085-040a-526b-2ce8-bdc85f692774.
[2021-05-10 11:37:22Z INFO JobDispatcher] Successfully renew job request 4, job is valid till 5/10/2021 11:47:25 AM
[2021-05-10 11:37:22Z INFO HostContext] Well known directory 'Bin': '/home/edge/Desktop/Workshop_Siemens_IE_App_Development_2021_05_10/CI_CD_GitHubActions_ExampleApp/CI_CD/actions-runner/bin'
[2021-05-10 11:37:22Z INFO ProcessInvokerWrapper] Starting process:
[2021-05-10 11:37:22Z INFO ProcessInvokerWrapper]   File name: '/home/edge/Desktop/Workshop_Siemens_IE_App_Development_2021_05_10/CI_CD_GitHubActions_ExampleApp/CI_CD/actions-runner/bin/Runner.Worker'
[2021-05-10 11:37:22Z INFO ProcessInvokerWrapper]   Arguments: 'spawnclient 102 105'
[2021-05-10 11:37:22Z INFO ProcessInvokerWrapper]   Working directory: '/home/edge/Desktop/Workshop_Siemens_IE_App_Development_2021_05_10/CI_CD_GitHubActions_ExampleApp/CI_CD/actions-runner/bin'
[2021-05-10 11:37:22Z INFO ProcessInvokerWrapper]   Require exit code zero: 'False'
[2021-05-10 11:37:22Z INFO ProcessInvokerWrapper]   Encoding web name:  ; code page: ''
[2021-05-10 11:37:22Z INFO ProcessInvokerWrapper]   Force kill process on cancellation: 'True'
[2021-05-10 11:37:22Z INFO ProcessInvokerWrapper]   Redirected STDIN: 'False'
[2021-05-10 11:37:22Z INFO ProcessInvokerWrapper]   Persist current code page: 'False'
[2021-05-10 11:37:22Z INFO ProcessInvokerWrapper]   Keep redirected STDIN open: 'False'
[2021-05-10 11:37:22Z INFO ProcessInvokerWrapper]   High priority process: 'True'
[2021-05-10 11:37:22Z INFO ProcessInvokerWrapper] Process started with process id 28693, waiting for process exit.
[2021-05-10 11:37:22Z INFO JobDispatcher] Send job request message to worker for job ca395085-040a-526b-2ce8-bdc85f692774.
[2021-05-10 11:37:22Z INFO JobNotification] Entering JobStarted Notification
[2021-05-10 11:37:22Z INFO JobNotification] Entering StartMonitor
[2021-05-10 11:37:35Z INFO ProcessInvokerWrapper] STDOUT/STDERR stream read finished.
[2021-05-10 11:37:35Z INFO ProcessInvokerWrapper] STDOUT/STDERR stream read finished.
[2021-05-10 11:37:35Z INFO ProcessInvokerWrapper] Finished process 28693 with exit code 100, and elapsed time 00:00:12.7098008.
[2021-05-10 11:37:35Z INFO JobDispatcher] Worker finished for job ca395085-040a-526b-2ce8-bdc85f692774. Code: 100
[2021-05-10 11:37:35Z INFO JobDispatcher] finish job request for job ca395085-040a-526b-2ce8-bdc85f692774 with result: Succeeded
[2021-05-10 11:37:35Z INFO Terminal] WRITE LINE: 2021-05-10 11:37:35Z: Job build completed with result: Succeeded
[2021-05-10 11:37:35Z INFO JobDispatcher] Stop renew job request for job ca395085-040a-526b-2ce8-bdc85f692774.
[2021-05-10 11:37:35Z INFO JobDispatcher] job renew has been canceled, stop renew job request 4.
[2021-05-10 11:37:35Z INFO JobNotification] Entering JobCompleted Notification
[2021-05-10 11:37:35Z INFO JobNotification] Entering EndMonitor
[2021-05-10 11:37:38Z INFO RSAFileKeyManager] Loading RSA key parameters from file /home/edge/Desktop/Workshop_Siemens_IE_App_Development_2021_05_10/CI_CD_GitHubActions_ExampleApp/CI_CD/actions-runner/.credentials_rsaparams
[2021-05-10 11:37:38Z INFO MessageListener] Message '4' received from session '3ce0d9f2-def4-403f-b112-d14082f6607e'.
[2021-05-10 11:37:38Z INFO JobDispatcher] Job request 5 for plan 22c318d6-f4ba-4633-8733-eff338835233 job e07742bd-189a-5079-918b-43f8b2f94b89 received.
[2021-05-10 11:37:38Z INFO JobDispatcher] Pull OrchestrationId 22c318d6-f4ba-4633-8733-eff338835233.deploy.__default from JWT claims
[2021-05-10 11:37:38Z INFO JobDispatcher] Job request ca395085-040a-526b-2ce8-bdc85f692774 processed succeed.
[2021-05-10 11:37:38Z INFO Terminal] WRITE LINE: 2021-05-10 11:37:38Z: Running job: deploy
[2021-05-10 11:37:38Z INFO JobDispatcher] Start renew job request 5 for job e07742bd-189a-5079-918b-43f8b2f94b89.
[2021-05-10 11:37:38Z INFO JobDispatcher] Successfully renew job request 5, job is valid till 5/10/2021 11:47:41 AM
[2021-05-10 11:37:38Z INFO HostContext] Well known directory 'Bin': '/home/edge/Desktop/Workshop_Siemens_IE_App_Development_2021_05_10/CI_CD_GitHubActions_ExampleApp/CI_CD/actions-runner/bin'
[2021-05-10 11:37:38Z INFO ProcessInvokerWrapper] Starting process:
[2021-05-10 11:37:38Z INFO ProcessInvokerWrapper]   File name: '/home/edge/Desktop/Workshop_Siemens_IE_App_Development_2021_05_10/CI_CD_GitHubActions_ExampleApp/CI_CD/actions-runner/bin/Runner.Worker'
[2021-05-10 11:37:38Z INFO ProcessInvokerWrapper]   Arguments: 'spawnclient 102 105'
[2021-05-10 11:37:38Z INFO ProcessInvokerWrapper]   Working directory: '/home/edge/Desktop/Workshop_Siemens_IE_App_Development_2021_05_10/CI_CD_GitHubActions_ExampleApp/CI_CD/actions-runner/bin'
[2021-05-10 11:37:38Z INFO ProcessInvokerWrapper]   Require exit code zero: 'False'
[2021-05-10 11:37:38Z INFO ProcessInvokerWrapper]   Encoding web name:  ; code page: ''
[2021-05-10 11:37:38Z INFO ProcessInvokerWrapper]   Force kill process on cancellation: 'True'
[2021-05-10 11:37:38Z INFO ProcessInvokerWrapper]   Redirected STDIN: 'False'
[2021-05-10 11:37:38Z INFO ProcessInvokerWrapper]   Persist current code page: 'False'
[2021-05-10 11:37:38Z INFO ProcessInvokerWrapper]   Keep redirected STDIN open: 'False'
[2021-05-10 11:37:38Z INFO ProcessInvokerWrapper]   High priority process: 'True'
[2021-05-10 11:37:38Z INFO ProcessInvokerWrapper] Process started with process id 28780, waiting for process exit.
[2021-05-10 11:37:38Z INFO JobDispatcher] Send job request message to worker for job e07742bd-189a-5079-918b-43f8b2f94b89.
[2021-05-10 11:37:38Z INFO JobNotification] Entering JobStarted Notification
[2021-05-10 11:37:38Z INFO JobNotification] Entering StartMonitor
[2021-05-10 11:37:46Z INFO ProcessInvokerWrapper] STDOUT/STDERR stream read finished.
[2021-05-10 11:37:46Z INFO ProcessInvokerWrapper] STDOUT/STDERR stream read finished.
[2021-05-10 11:37:46Z INFO ProcessInvokerWrapper] Finished process 28780 with exit code 102, and elapsed time 00:00:07.7861617.
[2021-05-10 11:37:46Z INFO JobDispatcher] Worker finished for job e07742bd-189a-5079-918b-43f8b2f94b89. Code: 102
[2021-05-10 11:37:46Z INFO JobDispatcher] finish job request for job e07742bd-189a-5079-918b-43f8b2f94b89 with result: Failed
[2021-05-10 11:37:46Z INFO Terminal] WRITE LINE: 2021-05-10 11:37:46Z: Job deploy completed with result: Failed
[2021-05-10 11:37:46Z INFO JobDispatcher] Stop renew job request for job e07742bd-189a-5079-918b-43f8b2f94b89.
[2021-05-10 11:37:46Z INFO JobDispatcher] job renew has been canceled, stop renew job request 5.
[2021-05-10 11:37:46Z INFO JobNotification] Entering JobCompleted Notification
[2021-05-10 11:37:46Z INFO JobNotification] Entering EndMonitor
[2021-05-10 11:37:49Z INFO RSAFileKeyManager] Loading RSA key parameters from file /home/edge/Desktop/Workshop_Siemens_IE_App_Development_2021_05_10/CI_CD_GitHubActions_ExampleApp/CI_CD/actions-runner/.credentials_rsaparams
[2021-05-10 11:37:49Z INFO MessageListener] Message '5' received from session '3ce0d9f2-def4-403f-b112-d14082f6607e'.
[2021-05-10 11:37:49Z INFO JobDispatcher] Job request 6 for plan cfd333de-5be5-401b-9d47-df3a71a712d4 job e07742bd-189a-5079-918b-43f8b2f94b89 received.
[2021-05-10 11:37:49Z INFO JobDispatcher] Pull OrchestrationId cfd333de-5be5-401b-9d47-df3a71a712d4.deploy.__default from JWT claims
[2021-05-10 11:37:49Z INFO JobDispatcher] Job request e07742bd-189a-5079-918b-43f8b2f94b89 processed succeed.
[2021-05-10 11:37:49Z INFO Terminal] WRITE LINE: 2021-05-10 11:37:49Z: Running job: deploy
[2021-05-10 11:37:49Z INFO JobDispatcher] Start renew job request 6 for job e07742bd-189a-5079-918b-43f8b2f94b89.
[2021-05-10 11:37:49Z INFO JobDispatcher] Successfully renew job request 6, job is valid till 5/10/2021 11:47:52 AM
[2021-05-10 11:37:49Z INFO HostContext] Well known directory 'Bin': '/home/edge/Desktop/Workshop_Siemens_IE_App_Development_2021_05_10/CI_CD_GitHubActions_ExampleApp/CI_CD/actions-runner/bin'
[2021-05-10 11:37:49Z INFO ProcessInvokerWrapper] Starting process:
[2021-05-10 11:37:49Z INFO ProcessInvokerWrapper]   File name: '/home/edge/Desktop/Workshop_Siemens_IE_App_Development_2021_05_10/CI_CD_GitHubActions_ExampleApp/CI_CD/actions-runner/bin/Runner.Worker'
[2021-05-10 11:37:49Z INFO ProcessInvokerWrapper]   Arguments: 'spawnclient 103 107'
[2021-05-10 11:37:49Z INFO ProcessInvokerWrapper]   Working directory: '/home/edge/Desktop/Workshop_Siemens_IE_App_Development_2021_05_10/CI_CD_GitHubActions_ExampleApp/CI_CD/actions-runner/bin'
[2021-05-10 11:37:49Z INFO ProcessInvokerWrapper]   Require exit code zero: 'False'
[2021-05-10 11:37:49Z INFO ProcessInvokerWrapper]   Encoding web name:  ; code page: ''
[2021-05-10 11:37:49Z INFO ProcessInvokerWrapper]   Force kill process on cancellation: 'True'
[2021-05-10 11:37:49Z INFO ProcessInvokerWrapper]   Redirected STDIN: 'False'
[2021-05-10 11:37:49Z INFO ProcessInvokerWrapper]   Persist current code page: 'False'
[2021-05-10 11:37:49Z INFO ProcessInvokerWrapper]   Keep redirected STDIN open: 'False'
[2021-05-10 11:37:49Z INFO ProcessInvokerWrapper]   High priority process: 'True'
[2021-05-10 11:37:49Z INFO ProcessInvokerWrapper] Process started with process id 28861, waiting for process exit.
[2021-05-10 11:37:49Z INFO JobDispatcher] Send job request message to worker for job e07742bd-189a-5079-918b-43f8b2f94b89.
[2021-05-10 11:37:49Z INFO JobNotification] Entering JobStarted Notification
[2021-05-10 11:37:49Z INFO JobNotification] Entering StartMonitor
[2021-05-10 11:37:54Z INFO ProcessInvokerWrapper] STDOUT/STDERR stream read finished.
[2021-05-10 11:37:54Z INFO ProcessInvokerWrapper] STDOUT/STDERR stream read finished.
[2021-05-10 11:37:54Z INFO ProcessInvokerWrapper] Finished process 28861 with exit code 102, and elapsed time 00:00:05.0248318.
[2021-05-10 11:37:54Z INFO JobDispatcher] Worker finished for job e07742bd-189a-5079-918b-43f8b2f94b89. Code: 102
[2021-05-10 11:37:54Z INFO JobDispatcher] finish job request for job e07742bd-189a-5079-918b-43f8b2f94b89 with result: Failed
[2021-05-10 11:37:54Z INFO Terminal] WRITE LINE: 2021-05-10 11:37:54Z: Job deploy completed with result: Failed
[2021-05-10 11:37:54Z INFO JobDispatcher] Stop renew job request for job e07742bd-189a-5079-918b-43f8b2f94b89.
[2021-05-10 11:37:54Z INFO JobDispatcher] job renew has been canceled, stop renew job request 6.
[2021-05-10 11:37:54Z INFO JobNotification] Entering JobCompleted Notification
[2021-05-10 11:37:54Z INFO JobNotification] Entering EndMonitor
[2021-05-10 11:37:57Z INFO RSAFileKeyManager] Loading RSA key parameters from file /home/edge/Desktop/Workshop_Siemens_IE_App_Development_2021_05_10/CI_CD_GitHubActions_ExampleApp/CI_CD/actions-runner/.credentials_rsaparams
[2021-05-10 11:37:57Z INFO MessageListener] Message '6' received from session '3ce0d9f2-def4-403f-b112-d14082f6607e'.
[2021-05-10 11:37:57Z INFO JobDispatcher] Job request 7 for plan 0cf5ba3e-68dd-47ce-9fde-9ed394bcba6d job e07742bd-189a-5079-918b-43f8b2f94b89 received.
[2021-05-10 11:37:57Z INFO JobDispatcher] Pull OrchestrationId 0cf5ba3e-68dd-47ce-9fde-9ed394bcba6d.deploy.__default from JWT claims
[2021-05-10 11:37:57Z INFO JobDispatcher] Job request e07742bd-189a-5079-918b-43f8b2f94b89 processed succeed.
[2021-05-10 11:37:57Z INFO Terminal] WRITE LINE: 2021-05-10 11:37:57Z: Running job: deploy
[2021-05-10 11:37:57Z INFO JobDispatcher] Start renew job request 7 for job e07742bd-189a-5079-918b-43f8b2f94b89.
[2021-05-10 11:37:57Z INFO JobDispatcher] Successfully renew job request 7, job is valid till 5/10/2021 11:48:00 AM
[2021-05-10 11:37:57Z INFO HostContext] Well known directory 'Bin': '/home/edge/Desktop/Workshop_Siemens_IE_App_Development_2021_05_10/CI_CD_GitHubActions_ExampleApp/CI_CD/actions-runner/bin'
[2021-05-10 11:37:57Z INFO ProcessInvokerWrapper] Starting process:
[2021-05-10 11:37:57Z INFO ProcessInvokerWrapper]   File name: '/home/edge/Desktop/Workshop_Siemens_IE_App_Development_2021_05_10/CI_CD_GitHubActions_ExampleApp/CI_CD/actions-runner/bin/Runner.Worker'
[2021-05-10 11:37:57Z INFO ProcessInvokerWrapper]   Arguments: 'spawnclient 103 107'
[2021-05-10 11:37:57Z INFO ProcessInvokerWrapper]   Working directory: '/home/edge/Desktop/Workshop_Siemens_IE_App_Development_2021_05_10/CI_CD_GitHubActions_ExampleApp/CI_CD/actions-runner/bin'
[2021-05-10 11:37:57Z INFO ProcessInvokerWrapper]   Require exit code zero: 'False'
[2021-05-10 11:37:57Z INFO ProcessInvokerWrapper]   Encoding web name:  ; code page: ''
[2021-05-10 11:37:57Z INFO ProcessInvokerWrapper]   Force kill process on cancellation: 'True'
[2021-05-10 11:37:57Z INFO ProcessInvokerWrapper]   Redirected STDIN: 'False'
[2021-05-10 11:37:57Z INFO ProcessInvokerWrapper]   Persist current code page: 'False'
[2021-05-10 11:37:57Z INFO ProcessInvokerWrapper]   Keep redirected STDIN open: 'False'
[2021-05-10 11:37:57Z INFO ProcessInvokerWrapper]   High priority process: 'True'
[2021-05-10 11:37:57Z INFO ProcessInvokerWrapper] Process started with process id 28907, waiting for process exit.
[2021-05-10 11:37:57Z INFO JobDispatcher] Send job request message to worker for job e07742bd-189a-5079-918b-43f8b2f94b89.
[2021-05-10 11:37:57Z INFO JobNotification] Entering JobStarted Notification
[2021-05-10 11:37:57Z INFO JobNotification] Entering StartMonitor
[2021-05-10 11:38:02Z INFO ProcessInvokerWrapper] STDOUT/STDERR stream read finished.
[2021-05-10 11:38:02Z INFO ProcessInvokerWrapper] STDOUT/STDERR stream read finished.
[2021-05-10 11:38:02Z INFO ProcessInvokerWrapper] Finished process 28907 with exit code 102, and elapsed time 00:00:04.8942574.
[2021-05-10 11:38:02Z INFO JobDispatcher] Worker finished for job e07742bd-189a-5079-918b-43f8b2f94b89. Code: 102
[2021-05-10 11:38:02Z INFO JobDispatcher] finish job request for job e07742bd-189a-5079-918b-43f8b2f94b89 with result: Failed
[2021-05-10 11:38:02Z INFO Terminal] WRITE LINE: 2021-05-10 11:38:02Z: Job deploy completed with result: Failed
[2021-05-10 11:38:02Z INFO JobDispatcher] Stop renew job request for job e07742bd-189a-5079-918b-43f8b2f94b89.
[2021-05-10 11:38:02Z INFO JobDispatcher] job renew has been canceled, stop renew job request 7.
[2021-05-10 11:38:02Z INFO JobNotification] Entering JobCompleted Notification
[2021-05-10 11:38:02Z INFO JobNotification] Entering EndMonitor
[2021-05-10 11:41:57Z INFO RSAFileKeyManager] Loading RSA key parameters from file /home/edge/Desktop/Workshop_Siemens_IE_App_Development_2021_05_10/CI_CD_GitHubActions_ExampleApp/CI_CD/actions-runner/.credentials_rsaparams
[2021-05-10 11:41:57Z INFO MessageListener] Message '7' received from session '3ce0d9f2-def4-403f-b112-d14082f6607e'.
[2021-05-10 11:41:57Z INFO JobDispatcher] Job request 8 for plan 3120a63c-5c0a-4f9f-adfb-6837d9a2250d job ca395085-040a-526b-2ce8-bdc85f692774 received.
[2021-05-10 11:41:57Z INFO JobDispatcher] Pull OrchestrationId 3120a63c-5c0a-4f9f-adfb-6837d9a2250d.build.__default from JWT claims
[2021-05-10 11:41:57Z INFO JobDispatcher] Job request e07742bd-189a-5079-918b-43f8b2f94b89 processed succeed.
[2021-05-10 11:41:57Z INFO Terminal] WRITE LINE: 2021-05-10 11:41:57Z: Running job: build
[2021-05-10 11:41:57Z INFO JobDispatcher] Start renew job request 8 for job ca395085-040a-526b-2ce8-bdc85f692774.
[2021-05-10 11:41:58Z INFO JobDispatcher] Successfully renew job request 8, job is valid till 5/10/2021 11:52:00 AM
[2021-05-10 11:41:58Z INFO HostContext] Well known directory 'Bin': '/home/edge/Desktop/Workshop_Siemens_IE_App_Development_2021_05_10/CI_CD_GitHubActions_ExampleApp/CI_CD/actions-runner/bin'
[2021-05-10 11:41:58Z INFO ProcessInvokerWrapper] Starting process:
[2021-05-10 11:41:58Z INFO ProcessInvokerWrapper]   File name: '/home/edge/Desktop/Workshop_Siemens_IE_App_Development_2021_05_10/CI_CD_GitHubActions_ExampleApp/CI_CD/actions-runner/bin/Runner.Worker'
[2021-05-10 11:41:58Z INFO ProcessInvokerWrapper]   Arguments: 'spawnclient 96 105'
[2021-05-10 11:41:58Z INFO ProcessInvokerWrapper]   Working directory: '/home/edge/Desktop/Workshop_Siemens_IE_App_Development_2021_05_10/CI_CD_GitHubActions_ExampleApp/CI_CD/actions-runner/bin'
[2021-05-10 11:41:58Z INFO ProcessInvokerWrapper]   Require exit code zero: 'False'
[2021-05-10 11:41:58Z INFO ProcessInvokerWrapper]   Encoding web name:  ; code page: ''
[2021-05-10 11:41:58Z INFO ProcessInvokerWrapper]   Force kill process on cancellation: 'True'
[2021-05-10 11:41:58Z INFO ProcessInvokerWrapper]   Redirected STDIN: 'False'
[2021-05-10 11:41:58Z INFO ProcessInvokerWrapper]   Persist current code page: 'False'
[2021-05-10 11:41:58Z INFO ProcessInvokerWrapper]   Keep redirected STDIN open: 'False'
[2021-05-10 11:41:58Z INFO ProcessInvokerWrapper]   High priority process: 'True'
[2021-05-10 11:41:58Z INFO ProcessInvokerWrapper] Process started with process id 29410, waiting for process exit.
[2021-05-10 11:41:58Z INFO JobDispatcher] Send job request message to worker for job ca395085-040a-526b-2ce8-bdc85f692774.
[2021-05-10 11:41:58Z INFO JobNotification] Entering JobStarted Notification
[2021-05-10 11:41:58Z INFO JobNotification] Entering StartMonitor
[2021-05-10 11:42:41Z INFO ProcessInvokerWrapper] STDOUT/STDERR stream read finished.
[2021-05-10 11:42:41Z INFO ProcessInvokerWrapper] STDOUT/STDERR stream read finished.
[2021-05-10 11:42:41Z INFO ProcessInvokerWrapper] Finished process 29410 with exit code 100, and elapsed time 00:00:43.5819746.
[2021-05-10 11:42:41Z INFO JobDispatcher] Worker finished for job ca395085-040a-526b-2ce8-bdc85f692774. Code: 100
[2021-05-10 11:42:41Z INFO JobDispatcher] finish job request for job ca395085-040a-526b-2ce8-bdc85f692774 with result: Succeeded
[2021-05-10 11:42:41Z INFO Terminal] WRITE LINE: 2021-05-10 11:42:41Z: Job build completed with result: Succeeded
[2021-05-10 11:42:41Z INFO JobDispatcher] Stop renew job request for job ca395085-040a-526b-2ce8-bdc85f692774.
[2021-05-10 11:42:41Z INFO JobDispatcher] job renew has been canceled, stop renew job request 8.
[2021-05-10 11:42:41Z INFO JobNotification] Entering JobCompleted Notification
[2021-05-10 11:42:41Z INFO JobNotification] Entering EndMonitor
[2021-05-10 11:42:47Z INFO RSAFileKeyManager] Loading RSA key parameters from file /home/edge/Desktop/Workshop_Siemens_IE_App_Development_2021_05_10/CI_CD_GitHubActions_ExampleApp/CI_CD/actions-runner/.credentials_rsaparams
[2021-05-10 11:42:47Z INFO MessageListener] Message '8' received from session '3ce0d9f2-def4-403f-b112-d14082f6607e'.
[2021-05-10 11:42:47Z INFO JobDispatcher] Job request 9 for plan 3120a63c-5c0a-4f9f-adfb-6837d9a2250d job e07742bd-189a-5079-918b-43f8b2f94b89 received.
[2021-05-10 11:42:47Z INFO JobDispatcher] Pull OrchestrationId 3120a63c-5c0a-4f9f-adfb-6837d9a2250d.deploy.__default from JWT claims
[2021-05-10 11:42:47Z INFO JobDispatcher] Job request ca395085-040a-526b-2ce8-bdc85f692774 processed succeed.
[2021-05-10 11:42:47Z INFO Terminal] WRITE LINE: 2021-05-10 11:42:47Z: Running job: deploy
[2021-05-10 11:42:47Z INFO JobDispatcher] Start renew job request 9 for job e07742bd-189a-5079-918b-43f8b2f94b89.
[2021-05-10 11:42:48Z INFO JobDispatcher] Successfully renew job request 9, job is valid till 5/10/2021 11:52:50 AM
[2021-05-10 11:42:48Z INFO HostContext] Well known directory 'Bin': '/home/edge/Desktop/Workshop_Siemens_IE_App_Development_2021_05_10/CI_CD_GitHubActions_ExampleApp/CI_CD/actions-runner/bin'
[2021-05-10 11:42:48Z INFO ProcessInvokerWrapper] Starting process:
[2021-05-10 11:42:48Z INFO ProcessInvokerWrapper]   File name: '/home/edge/Desktop/Workshop_Siemens_IE_App_Development_2021_05_10/CI_CD_GitHubActions_ExampleApp/CI_CD/actions-runner/bin/Runner.Worker'
[2021-05-10 11:42:48Z INFO ProcessInvokerWrapper]   Arguments: 'spawnclient 96 105'
[2021-05-10 11:42:48Z INFO ProcessInvokerWrapper]   Working directory: '/home/edge/Desktop/Workshop_Siemens_IE_App_Development_2021_05_10/CI_CD_GitHubActions_ExampleApp/CI_CD/actions-runner/bin'
[2021-05-10 11:42:48Z INFO ProcessInvokerWrapper]   Require exit code zero: 'False'
[2021-05-10 11:42:48Z INFO ProcessInvokerWrapper]   Encoding web name:  ; code page: ''
[2021-05-10 11:42:48Z INFO ProcessInvokerWrapper]   Force kill process on cancellation: 'True'
[2021-05-10 11:42:48Z INFO ProcessInvokerWrapper]   Redirected STDIN: 'False'
[2021-05-10 11:42:48Z INFO ProcessInvokerWrapper]   Persist current code page: 'False'
[2021-05-10 11:42:48Z INFO ProcessInvokerWrapper]   Keep redirected STDIN open: 'False'
[2021-05-10 11:42:48Z INFO ProcessInvokerWrapper]   High priority process: 'True'
[2021-05-10 11:42:48Z INFO ProcessInvokerWrapper] Process started with process id 29634, waiting for process exit.
[2021-05-10 11:42:48Z INFO JobDispatcher] Send job request message to worker for job e07742bd-189a-5079-918b-43f8b2f94b89.
[2021-05-10 11:42:48Z INFO JobNotification] Entering JobStarted Notification
[2021-05-10 11:42:48Z INFO JobNotification] Entering StartMonitor
[2021-05-10 11:42:55Z INFO ProcessInvokerWrapper] STDOUT/STDERR stream read finished.
[2021-05-10 11:42:55Z INFO ProcessInvokerWrapper] STDOUT/STDERR stream read finished.
[2021-05-10 11:42:55Z INFO ProcessInvokerWrapper] Finished process 29634 with exit code 102, and elapsed time 00:00:07.8936667.
[2021-05-10 11:42:55Z INFO JobDispatcher] Worker finished for job e07742bd-189a-5079-918b-43f8b2f94b89. Code: 102
[2021-05-10 11:42:55Z INFO JobDispatcher] finish job request for job e07742bd-189a-5079-918b-43f8b2f94b89 with result: Failed
[2021-05-10 11:42:55Z INFO Terminal] WRITE LINE: 2021-05-10 11:42:55Z: Job deploy completed with result: Failed
[2021-05-10 11:42:55Z INFO JobDispatcher] Stop renew job request for job e07742bd-189a-5079-918b-43f8b2f94b89.
[2021-05-10 11:42:55Z INFO JobDispatcher] job renew has been canceled, stop renew job request 9.
[2021-05-10 11:42:55Z INFO JobNotification] Entering JobCompleted Notification
[2021-05-10 11:42:55Z INFO JobNotification] Entering EndMonitor
[2021-05-10 11:45:08Z INFO RSAFileKeyManager] Loading RSA key parameters from file /home/edge/Desktop/Workshop_Siemens_IE_App_Development_2021_05_10/CI_CD_GitHubActions_ExampleApp/CI_CD/actions-runner/.credentials_rsaparams
[2021-05-10 11:45:08Z INFO MessageListener] Message '9' received from session '3ce0d9f2-def4-403f-b112-d14082f6607e'.
[2021-05-10 11:45:08Z INFO JobDispatcher] Job request 10 for plan 2f63ba1c-2296-4775-8bcd-390bd599fbae job ca395085-040a-526b-2ce8-bdc85f692774 received.
[2021-05-10 11:45:08Z INFO JobDispatcher] Pull OrchestrationId 2f63ba1c-2296-4775-8bcd-390bd599fbae.build.__default from JWT claims
[2021-05-10 11:45:08Z INFO JobDispatcher] Job request e07742bd-189a-5079-918b-43f8b2f94b89 processed succeed.
[2021-05-10 11:45:08Z INFO Terminal] WRITE LINE: 2021-05-10 11:45:08Z: Running job: build
[2021-05-10 11:45:08Z INFO JobDispatcher] Start renew job request 10 for job ca395085-040a-526b-2ce8-bdc85f692774.
[2021-05-10 11:45:09Z INFO JobDispatcher] Successfully renew job request 10, job is valid till 5/10/2021 11:55:11 AM
[2021-05-10 11:45:09Z INFO HostContext] Well known directory 'Bin': '/home/edge/Desktop/Workshop_Siemens_IE_App_Development_2021_05_10/CI_CD_GitHubActions_ExampleApp/CI_CD/actions-runner/bin'
[2021-05-10 11:45:09Z INFO ProcessInvokerWrapper] Starting process:
[2021-05-10 11:45:09Z INFO ProcessInvokerWrapper]   File name: '/home/edge/Desktop/Workshop_Siemens_IE_App_Development_2021_05_10/CI_CD_GitHubActions_ExampleApp/CI_CD/actions-runner/bin/Runner.Worker'
[2021-05-10 11:45:09Z INFO ProcessInvokerWrapper]   Arguments: 'spawnclient 103 107'
[2021-05-10 11:45:09Z INFO ProcessInvokerWrapper]   Working directory: '/home/edge/Desktop/Workshop_Siemens_IE_App_Development_2021_05_10/CI_CD_GitHubActions_ExampleApp/CI_CD/actions-runner/bin'
[2021-05-10 11:45:09Z INFO ProcessInvokerWrapper]   Require exit code zero: 'False'
[2021-05-10 11:45:09Z INFO ProcessInvokerWrapper]   Encoding web name:  ; code page: ''
[2021-05-10 11:45:09Z INFO ProcessInvokerWrapper]   Force kill process on cancellation: 'True'
[2021-05-10 11:45:09Z INFO ProcessInvokerWrapper]   Redirected STDIN: 'False'
[2021-05-10 11:45:09Z INFO ProcessInvokerWrapper]   Persist current code page: 'False'
[2021-05-10 11:45:09Z INFO ProcessInvokerWrapper]   Keep redirected STDIN open: 'False'
[2021-05-10 11:45:09Z INFO ProcessInvokerWrapper]   High priority process: 'True'
[2021-05-10 11:45:09Z INFO ProcessInvokerWrapper] Process started with process id 30092, waiting for process exit.
[2021-05-10 11:45:09Z INFO JobDispatcher] Send job request message to worker for job ca395085-040a-526b-2ce8-bdc85f692774.
[2021-05-10 11:45:09Z INFO JobNotification] Entering JobStarted Notification
[2021-05-10 11:45:09Z INFO JobNotification] Entering StartMonitor
[2021-05-10 11:46:09Z INFO JobDispatcher] Successfully renew job request 10, job is valid till 5/10/2021 11:56:11 AM
[2021-05-10 11:46:14Z INFO ProcessInvokerWrapper] STDOUT/STDERR stream read finished.
[2021-05-10 11:46:14Z INFO ProcessInvokerWrapper] STDOUT/STDERR stream read finished.
[2021-05-10 11:46:14Z INFO ProcessInvokerWrapper] Finished process 30092 with exit code 100, and elapsed time 00:01:05.4809577.
[2021-05-10 11:46:14Z INFO JobDispatcher] Worker finished for job ca395085-040a-526b-2ce8-bdc85f692774. Code: 100
[2021-05-10 11:46:14Z INFO JobDispatcher] finish job request for job ca395085-040a-526b-2ce8-bdc85f692774 with result: Succeeded
[2021-05-10 11:46:14Z INFO Terminal] WRITE LINE: 2021-05-10 11:46:14Z: Job build completed with result: Succeeded
[2021-05-10 11:46:14Z INFO JobDispatcher] Stop renew job request for job ca395085-040a-526b-2ce8-bdc85f692774.
[2021-05-10 11:46:14Z INFO JobDispatcher] job renew has been canceled, stop renew job request 10.
[2021-05-10 11:46:14Z INFO JobNotification] Entering JobCompleted Notification
[2021-05-10 11:46:14Z INFO JobNotification] Entering EndMonitor
[2021-05-10 11:46:21Z INFO RSAFileKeyManager] Loading RSA key parameters from file /home/edge/Desktop/Workshop_Siemens_IE_App_Development_2021_05_10/CI_CD_GitHubActions_ExampleApp/CI_CD/actions-runner/.credentials_rsaparams
[2021-05-10 11:46:21Z INFO MessageListener] Message '10' received from session '3ce0d9f2-def4-403f-b112-d14082f6607e'.
[2021-05-10 11:46:21Z INFO JobDispatcher] Job request 11 for plan 2f63ba1c-2296-4775-8bcd-390bd599fbae job e07742bd-189a-5079-918b-43f8b2f94b89 received.
[2021-05-10 11:46:21Z INFO JobDispatcher] Pull OrchestrationId 2f63ba1c-2296-4775-8bcd-390bd599fbae.deploy.__default from JWT claims
[2021-05-10 11:46:21Z INFO JobDispatcher] Job request ca395085-040a-526b-2ce8-bdc85f692774 processed succeed.
[2021-05-10 11:46:21Z INFO Terminal] WRITE LINE: 2021-05-10 11:46:21Z: Running job: deploy
[2021-05-10 11:46:21Z INFO JobDispatcher] Start renew job request 11 for job e07742bd-189a-5079-918b-43f8b2f94b89.
[2021-05-10 11:46:22Z INFO JobDispatcher] Successfully renew job request 11, job is valid till 5/10/2021 11:56:24 AM
[2021-05-10 11:46:22Z INFO HostContext] Well known directory 'Bin': '/home/edge/Desktop/Workshop_Siemens_IE_App_Development_2021_05_10/CI_CD_GitHubActions_ExampleApp/CI_CD/actions-runner/bin'
[2021-05-10 11:46:22Z INFO ProcessInvokerWrapper] Starting process:
[2021-05-10 11:46:22Z INFO ProcessInvokerWrapper]   File name: '/home/edge/Desktop/Workshop_Siemens_IE_App_Development_2021_05_10/CI_CD_GitHubActions_ExampleApp/CI_CD/actions-runner/bin/Runner.Worker'
[2021-05-10 11:46:22Z INFO ProcessInvokerWrapper]   Arguments: 'spawnclient 103 107'
[2021-05-10 11:46:22Z INFO ProcessInvokerWrapper]   Working directory: '/home/edge/Desktop/Workshop_Siemens_IE_App_Development_2021_05_10/CI_CD_GitHubActions_ExampleApp/CI_CD/actions-runner/bin'
[2021-05-10 11:46:22Z INFO ProcessInvokerWrapper]   Require exit code zero: 'False'
[2021-05-10 11:46:22Z INFO ProcessInvokerWrapper]   Encoding web name:  ; code page: ''
[2021-05-10 11:46:22Z INFO ProcessInvokerWrapper]   Force kill process on cancellation: 'True'
[2021-05-10 11:46:22Z INFO ProcessInvokerWrapper]   Redirected STDIN: 'False'
[2021-05-10 11:46:22Z INFO ProcessInvokerWrapper]   Persist current code page: 'False'
[2021-05-10 11:46:22Z INFO ProcessInvokerWrapper]   Keep redirected STDIN open: 'False'
[2021-05-10 11:46:22Z INFO ProcessInvokerWrapper]   High priority process: 'True'
[2021-05-10 11:46:22Z INFO ProcessInvokerWrapper] Process started with process id 30322, waiting for process exit.
[2021-05-10 11:46:22Z INFO JobDispatcher] Send job request message to worker for job e07742bd-189a-5079-918b-43f8b2f94b89.
[2021-05-10 11:46:22Z INFO JobNotification] Entering JobStarted Notification
[2021-05-10 11:46:22Z INFO JobNotification] Entering StartMonitor
[2021-05-10 11:46:29Z INFO ProcessInvokerWrapper] STDOUT/STDERR stream read finished.
[2021-05-10 11:46:29Z INFO ProcessInvokerWrapper] STDOUT/STDERR stream read finished.
[2021-05-10 11:46:29Z INFO ProcessInvokerWrapper] Finished process 30322 with exit code 102, and elapsed time 00:00:07.7841667.
[2021-05-10 11:46:29Z INFO JobDispatcher] Worker finished for job e07742bd-189a-5079-918b-43f8b2f94b89. Code: 102
[2021-05-10 11:46:29Z INFO JobDispatcher] finish job request for job e07742bd-189a-5079-918b-43f8b2f94b89 with result: Failed
[2021-05-10 11:46:29Z INFO Terminal] WRITE LINE: 2021-05-10 11:46:29Z: Job deploy completed with result: Failed
[2021-05-10 11:46:29Z INFO JobDispatcher] Stop renew job request for job e07742bd-189a-5079-918b-43f8b2f94b89.
[2021-05-10 11:46:29Z INFO JobDispatcher] job renew has been canceled, stop renew job request 11.
[2021-05-10 11:46:29Z INFO JobNotification] Entering JobCompleted Notification
[2021-05-10 11:46:29Z INFO JobNotification] Entering EndMonitor
[2021-05-10 11:51:14Z INFO RSAFileKeyManager] Loading RSA key parameters from file /home/edge/Desktop/Workshop_Siemens_IE_App_Development_2021_05_10/CI_CD_GitHubActions_ExampleApp/CI_CD/actions-runner/.credentials_rsaparams
[2021-05-10 11:51:14Z INFO MessageListener] Message '11' received from session '3ce0d9f2-def4-403f-b112-d14082f6607e'.
[2021-05-10 11:51:14Z INFO JobDispatcher] Job request 12 for plan b610cc3f-c427-4e33-9ddb-299c8c511e0f job ca395085-040a-526b-2ce8-bdc85f692774 received.
[2021-05-10 11:51:14Z INFO JobDispatcher] Pull OrchestrationId b610cc3f-c427-4e33-9ddb-299c8c511e0f.build.__default from JWT claims
[2021-05-10 11:51:14Z INFO JobDispatcher] Job request e07742bd-189a-5079-918b-43f8b2f94b89 processed succeed.
[2021-05-10 11:51:14Z INFO Terminal] WRITE LINE: 2021-05-10 11:51:14Z: Running job: build
[2021-05-10 11:51:14Z INFO JobDispatcher] Start renew job request 12 for job ca395085-040a-526b-2ce8-bdc85f692774.
[2021-05-10 11:51:14Z INFO JobDispatcher] Successfully renew job request 12, job is valid till 5/10/2021 12:01:17 PM
[2021-05-10 11:51:14Z INFO HostContext] Well known directory 'Bin': '/home/edge/Desktop/Workshop_Siemens_IE_App_Development_2021_05_10/CI_CD_GitHubActions_ExampleApp/CI_CD/actions-runner/bin'
[2021-05-10 11:51:14Z INFO ProcessInvokerWrapper] Starting process:
[2021-05-10 11:51:14Z INFO ProcessInvokerWrapper]   File name: '/home/edge/Desktop/Workshop_Siemens_IE_App_Development_2021_05_10/CI_CD_GitHubActions_ExampleApp/CI_CD/actions-runner/bin/Runner.Worker'
[2021-05-10 11:51:14Z INFO ProcessInvokerWrapper]   Arguments: 'spawnclient 103 107'
[2021-05-10 11:51:14Z INFO ProcessInvokerWrapper]   Working directory: '/home/edge/Desktop/Workshop_Siemens_IE_App_Development_2021_05_10/CI_CD_GitHubActions_ExampleApp/CI_CD/actions-runner/bin'
[2021-05-10 11:51:14Z INFO ProcessInvokerWrapper]   Require exit code zero: 'False'
[2021-05-10 11:51:14Z INFO ProcessInvokerWrapper]   Encoding web name:  ; code page: ''
[2021-05-10 11:51:14Z INFO ProcessInvokerWrapper]   Force kill process on cancellation: 'True'
[2021-05-10 11:51:14Z INFO ProcessInvokerWrapper]   Redirected STDIN: 'False'
[2021-05-10 11:51:14Z INFO ProcessInvokerWrapper]   Persist current code page: 'False'
[2021-05-10 11:51:14Z INFO ProcessInvokerWrapper]   Keep redirected STDIN open: 'False'
[2021-05-10 11:51:14Z INFO ProcessInvokerWrapper]   High priority process: 'True'
[2021-05-10 11:51:14Z INFO ProcessInvokerWrapper] Process started with process id 31192, waiting for process exit.
[2021-05-10 11:51:14Z INFO JobDispatcher] Send job request message to worker for job ca395085-040a-526b-2ce8-bdc85f692774.
[2021-05-10 11:51:14Z INFO JobNotification] Entering JobStarted Notification
[2021-05-10 11:51:14Z INFO JobNotification] Entering StartMonitor
[2021-05-10 11:52:15Z INFO JobDispatcher] Successfully renew job request 12, job is valid till 5/10/2021 12:02:17 PM
[2021-05-10 11:52:47Z INFO ProcessInvokerWrapper] STDOUT/STDERR stream read finished.
[2021-05-10 11:52:47Z INFO ProcessInvokerWrapper] STDOUT/STDERR stream read finished.
[2021-05-10 11:52:47Z INFO ProcessInvokerWrapper] Finished process 31192 with exit code 100, and elapsed time 00:01:32.5521178.
[2021-05-10 11:52:47Z INFO JobDispatcher] Worker finished for job ca395085-040a-526b-2ce8-bdc85f692774. Code: 100
[2021-05-10 11:52:47Z INFO JobDispatcher] finish job request for job ca395085-040a-526b-2ce8-bdc85f692774 with result: Succeeded
[2021-05-10 11:52:47Z INFO Terminal] WRITE LINE: 2021-05-10 11:52:47Z: Job build completed with result: Succeeded
[2021-05-10 11:52:47Z INFO JobDispatcher] Stop renew job request for job ca395085-040a-526b-2ce8-bdc85f692774.
[2021-05-10 11:52:47Z INFO JobDispatcher] job renew has been canceled, stop renew job request 12.
[2021-05-10 11:52:47Z INFO JobNotification] Entering JobCompleted Notification
[2021-05-10 11:52:47Z INFO JobNotification] Entering EndMonitor
[2021-05-10 11:52:54Z INFO RSAFileKeyManager] Loading RSA key parameters from file /home/edge/Desktop/Workshop_Siemens_IE_App_Development_2021_05_10/CI_CD_GitHubActions_ExampleApp/CI_CD/actions-runner/.credentials_rsaparams
[2021-05-10 11:52:54Z INFO MessageListener] Message '12' received from session '3ce0d9f2-def4-403f-b112-d14082f6607e'.
[2021-05-10 11:52:54Z INFO JobDispatcher] Job request 13 for plan b610cc3f-c427-4e33-9ddb-299c8c511e0f job e07742bd-189a-5079-918b-43f8b2f94b89 received.
[2021-05-10 11:52:54Z INFO JobDispatcher] Pull OrchestrationId b610cc3f-c427-4e33-9ddb-299c8c511e0f.deploy.__default from JWT claims
[2021-05-10 11:52:54Z INFO JobDispatcher] Job request ca395085-040a-526b-2ce8-bdc85f692774 processed succeed.
[2021-05-10 11:52:54Z INFO Terminal] WRITE LINE: 2021-05-10 11:52:54Z: Running job: deploy
[2021-05-10 11:52:54Z INFO JobDispatcher] Start renew job request 13 for job e07742bd-189a-5079-918b-43f8b2f94b89.
[2021-05-10 11:52:54Z INFO JobDispatcher] Successfully renew job request 13, job is valid till 5/10/2021 12:02:56 PM
[2021-05-10 11:52:54Z INFO HostContext] Well known directory 'Bin': '/home/edge/Desktop/Workshop_Siemens_IE_App_Development_2021_05_10/CI_CD_GitHubActions_ExampleApp/CI_CD/actions-runner/bin'
[2021-05-10 11:52:54Z INFO ProcessInvokerWrapper] Starting process:
[2021-05-10 11:52:54Z INFO ProcessInvokerWrapper]   File name: '/home/edge/Desktop/Workshop_Siemens_IE_App_Development_2021_05_10/CI_CD_GitHubActions_ExampleApp/CI_CD/actions-runner/bin/Runner.Worker'
[2021-05-10 11:52:54Z INFO ProcessInvokerWrapper]   Arguments: 'spawnclient 103 107'
[2021-05-10 11:52:54Z INFO ProcessInvokerWrapper]   Working directory: '/home/edge/Desktop/Workshop_Siemens_IE_App_Development_2021_05_10/CI_CD_GitHubActions_ExampleApp/CI_CD/actions-runner/bin'
[2021-05-10 11:52:54Z INFO ProcessInvokerWrapper]   Require exit code zero: 'False'
[2021-05-10 11:52:54Z INFO ProcessInvokerWrapper]   Encoding web name:  ; code page: ''
[2021-05-10 11:52:54Z INFO ProcessInvokerWrapper]   Force kill process on cancellation: 'True'
[2021-05-10 11:52:54Z INFO ProcessInvokerWrapper]   Redirected STDIN: 'False'
[2021-05-10 11:52:54Z INFO ProcessInvokerWrapper]   Persist current code page: 'False'
[2021-05-10 11:52:54Z INFO ProcessInvokerWrapper]   Keep redirected STDIN open: 'False'
[2021-05-10 11:52:54Z INFO ProcessInvokerWrapper]   High priority process: 'True'
[2021-05-10 11:52:54Z INFO ProcessInvokerWrapper] Process started with process id 31476, waiting for process exit.
[2021-05-10 11:52:54Z INFO JobDispatcher] Send job request message to worker for job e07742bd-189a-5079-918b-43f8b2f94b89.
[2021-05-10 11:52:54Z INFO JobNotification] Entering JobStarted Notification
[2021-05-10 11:52:54Z INFO JobNotification] Entering StartMonitor
[2021-05-10 11:53:02Z INFO ProcessInvokerWrapper] STDOUT/STDERR stream read finished.
[2021-05-10 11:53:02Z INFO ProcessInvokerWrapper] STDOUT/STDERR stream read finished.
[2021-05-10 11:53:02Z INFO ProcessInvokerWrapper] Finished process 31476 with exit code 102, and elapsed time 00:00:07.8171844.
[2021-05-10 11:53:02Z INFO JobDispatcher] Worker finished for job e07742bd-189a-5079-918b-43f8b2f94b89. Code: 102
[2021-05-10 11:53:02Z INFO JobDispatcher] finish job request for job e07742bd-189a-5079-918b-43f8b2f94b89 with result: Failed
[2021-05-10 11:53:02Z INFO Terminal] WRITE LINE: 2021-05-10 11:53:02Z: Job deploy completed with result: Failed
[2021-05-10 11:53:02Z INFO JobDispatcher] Stop renew job request for job e07742bd-189a-5079-918b-43f8b2f94b89.
[2021-05-10 11:53:02Z INFO JobDispatcher] job renew has been canceled, stop renew job request 13.
[2021-05-10 11:53:02Z INFO JobNotification] Entering JobCompleted Notification
[2021-05-10 11:53:02Z INFO JobNotification] Entering EndMonitor
[2021-05-10 12:00:46Z INFO RSAFileKeyManager] Loading RSA key parameters from file /home/edge/Desktop/Workshop_Siemens_IE_App_Development_2021_05_10/CI_CD_GitHubActions_ExampleApp/CI_CD/actions-runner/.credentials_rsaparams
[2021-05-10 12:00:46Z INFO MessageListener] Message '13' received from session '3ce0d9f2-def4-403f-b112-d14082f6607e'.
[2021-05-10 12:00:46Z INFO JobDispatcher] Job request 14 for plan 3953ebc7-7b37-482c-8662-b4710359cca6 job ca395085-040a-526b-2ce8-bdc85f692774 received.
[2021-05-10 12:00:46Z INFO JobDispatcher] Pull OrchestrationId 3953ebc7-7b37-482c-8662-b4710359cca6.build.__default from JWT claims
[2021-05-10 12:00:46Z INFO JobDispatcher] Job request e07742bd-189a-5079-918b-43f8b2f94b89 processed succeed.
[2021-05-10 12:00:46Z INFO Terminal] WRITE LINE: 2021-05-10 12:00:46Z: Running job: build
[2021-05-10 12:00:46Z INFO JobDispatcher] Start renew job request 14 for job ca395085-040a-526b-2ce8-bdc85f692774.
[2021-05-10 12:00:46Z INFO JobDispatcher] Successfully renew job request 14, job is valid till 5/10/2021 12:10:48 PM
[2021-05-10 12:00:46Z INFO HostContext] Well known directory 'Bin': '/home/edge/Desktop/Workshop_Siemens_IE_App_Development_2021_05_10/CI_CD_GitHubActions_ExampleApp/CI_CD/actions-runner/bin'
[2021-05-10 12:00:46Z INFO ProcessInvokerWrapper] Starting process:
[2021-05-10 12:00:46Z INFO ProcessInvokerWrapper]   File name: '/home/edge/Desktop/Workshop_Siemens_IE_App_Development_2021_05_10/CI_CD_GitHubActions_ExampleApp/CI_CD/actions-runner/bin/Runner.Worker'
[2021-05-10 12:00:46Z INFO ProcessInvokerWrapper]   Arguments: 'spawnclient 103 107'
[2021-05-10 12:00:46Z INFO ProcessInvokerWrapper]   Working directory: '/home/edge/Desktop/Workshop_Siemens_IE_App_Development_2021_05_10/CI_CD_GitHubActions_ExampleApp/CI_CD/actions-runner/bin'
[2021-05-10 12:00:46Z INFO ProcessInvokerWrapper]   Require exit code zero: 'False'
[2021-05-10 12:00:46Z INFO ProcessInvokerWrapper]   Encoding web name:  ; code page: ''
[2021-05-10 12:00:46Z INFO ProcessInvokerWrapper]   Force kill process on cancellation: 'True'
[2021-05-10 12:00:46Z INFO ProcessInvokerWrapper]   Redirected STDIN: 'False'
[2021-05-10 12:00:46Z INFO ProcessInvokerWrapper]   Persist current code page: 'False'
[2021-05-10 12:00:46Z INFO ProcessInvokerWrapper]   Keep redirected STDIN open: 'False'
[2021-05-10 12:00:46Z INFO ProcessInvokerWrapper]   High priority process: 'True'
[2021-05-10 12:00:46Z INFO ProcessInvokerWrapper] Process started with process id 32353, waiting for process exit.
[2021-05-10 12:00:46Z INFO JobDispatcher] Send job request message to worker for job ca395085-040a-526b-2ce8-bdc85f692774.
[2021-05-10 12:00:46Z INFO JobNotification] Entering JobStarted Notification
[2021-05-10 12:00:46Z INFO JobNotification] Entering StartMonitor
[2021-05-10 12:01:46Z INFO JobDispatcher] Successfully renew job request 14, job is valid till 5/10/2021 12:11:48 PM
[2021-05-10 12:02:38Z INFO ProcessInvokerWrapper] STDOUT/STDERR stream read finished.
[2021-05-10 12:02:38Z INFO ProcessInvokerWrapper] STDOUT/STDERR stream read finished.
[2021-05-10 12:02:38Z INFO ProcessInvokerWrapper] Finished process 32353 with exit code 100, and elapsed time 00:01:52.4336182.
[2021-05-10 12:02:38Z INFO JobDispatcher] Worker finished for job ca395085-040a-526b-2ce8-bdc85f692774. Code: 100
[2021-05-10 12:02:38Z INFO JobDispatcher] finish job request for job ca395085-040a-526b-2ce8-bdc85f692774 with result: Succeeded
[2021-05-10 12:02:38Z INFO Terminal] WRITE LINE: 2021-05-10 12:02:38Z: Job build completed with result: Succeeded
[2021-05-10 12:02:38Z INFO JobDispatcher] Stop renew job request for job ca395085-040a-526b-2ce8-bdc85f692774.
[2021-05-10 12:02:38Z INFO JobDispatcher] job renew has been canceled, stop renew job request 14.
[2021-05-10 12:02:38Z INFO JobNotification] Entering JobCompleted Notification
[2021-05-10 12:02:38Z INFO JobNotification] Entering EndMonitor
[2021-05-10 12:02:44Z INFO RSAFileKeyManager] Loading RSA key parameters from file /home/edge/Desktop/Workshop_Siemens_IE_App_Development_2021_05_10/CI_CD_GitHubActions_ExampleApp/CI_CD/actions-runner/.credentials_rsaparams
[2021-05-10 12:02:44Z INFO MessageListener] Message '14' received from session '3ce0d9f2-def4-403f-b112-d14082f6607e'.
[2021-05-10 12:02:44Z INFO JobDispatcher] Job request 15 for plan 3953ebc7-7b37-482c-8662-b4710359cca6 job e07742bd-189a-5079-918b-43f8b2f94b89 received.
[2021-05-10 12:02:44Z INFO JobDispatcher] Pull OrchestrationId 3953ebc7-7b37-482c-8662-b4710359cca6.deploy.__default from JWT claims
[2021-05-10 12:02:44Z INFO JobDispatcher] Job request ca395085-040a-526b-2ce8-bdc85f692774 processed succeed.
[2021-05-10 12:02:44Z INFO Terminal] WRITE LINE: 2021-05-10 12:02:44Z: Running job: deploy
[2021-05-10 12:02:44Z INFO JobDispatcher] Start renew job request 15 for job e07742bd-189a-5079-918b-43f8b2f94b89.
[2021-05-10 12:02:45Z INFO JobDispatcher] Successfully renew job request 15, job is valid till 5/10/2021 12:12:47 PM
[2021-05-10 12:02:45Z INFO HostContext] Well known directory 'Bin': '/home/edge/Desktop/Workshop_Siemens_IE_App_Development_2021_05_10/CI_CD_GitHubActions_ExampleApp/CI_CD/actions-runner/bin'
[2021-05-10 12:02:45Z INFO ProcessInvokerWrapper] Starting process:
[2021-05-10 12:02:45Z INFO ProcessInvokerWrapper]   File name: '/home/edge/Desktop/Workshop_Siemens_IE_App_Development_2021_05_10/CI_CD_GitHubActions_ExampleApp/CI_CD/actions-runner/bin/Runner.Worker'
[2021-05-10 12:02:45Z INFO ProcessInvokerWrapper]   Arguments: 'spawnclient 103 107'
[2021-05-10 12:02:45Z INFO ProcessInvokerWrapper]   Working directory: '/home/edge/Desktop/Workshop_Siemens_IE_App_Development_2021_05_10/CI_CD_GitHubActions_ExampleApp/CI_CD/actions-runner/bin'
[2021-05-10 12:02:45Z INFO ProcessInvokerWrapper]   Require exit code zero: 'False'
[2021-05-10 12:02:45Z INFO ProcessInvokerWrapper]   Encoding web name:  ; code page: ''
[2021-05-10 12:02:45Z INFO ProcessInvokerWrapper]   Force kill process on cancellation: 'True'
[2021-05-10 12:02:45Z INFO ProcessInvokerWrapper]   Redirected STDIN: 'False'
[2021-05-10 12:02:45Z INFO ProcessInvokerWrapper]   Persist current code page: 'False'
[2021-05-10 12:02:45Z INFO ProcessInvokerWrapper]   Keep redirected STDIN open: 'False'
[2021-05-10 12:02:45Z INFO ProcessInvokerWrapper]   High priority process: 'True'
[2021-05-10 12:02:45Z INFO ProcessInvokerWrapper] Process started with process id 32661, waiting for process exit.
[2021-05-10 12:02:45Z INFO JobDispatcher] Send job request message to worker for job e07742bd-189a-5079-918b-43f8b2f94b89.
[2021-05-10 12:02:45Z INFO JobNotification] Entering JobStarted Notification
[2021-05-10 12:02:45Z INFO JobNotification] Entering StartMonitor
[2021-05-10 12:03:45Z INFO JobDispatcher] Successfully renew job request 15, job is valid till 5/10/2021 12:13:47 PM
[2021-05-10 12:04:45Z INFO JobDispatcher] Successfully renew job request 15, job is valid till 5/10/2021 12:14:47 PM
[2021-05-10 12:04:49Z INFO ProcessInvokerWrapper] STDOUT/STDERR stream read finished.
[2021-05-10 12:04:49Z INFO ProcessInvokerWrapper] STDOUT/STDERR stream read finished.
[2021-05-10 12:04:49Z INFO ProcessInvokerWrapper] Finished process 32661 with exit code 100, and elapsed time 00:02:04.7893877.
[2021-05-10 12:04:49Z INFO JobDispatcher] Worker finished for job e07742bd-189a-5079-918b-43f8b2f94b89. Code: 100
[2021-05-10 12:04:49Z INFO JobDispatcher] finish job request for job e07742bd-189a-5079-918b-43f8b2f94b89 with result: Succeeded
[2021-05-10 12:04:49Z INFO Terminal] WRITE LINE: 2021-05-10 12:04:49Z: Job deploy completed with result: Succeeded
[2021-05-10 12:04:49Z INFO JobDispatcher] Stop renew job request for job e07742bd-189a-5079-918b-43f8b2f94b89.
[2021-05-10 12:04:49Z INFO JobDispatcher] job renew has been canceled, stop renew job request 15.
[2021-05-10 12:04:49Z INFO JobNotification] Entering JobCompleted Notification
[2021-05-10 12:04:49Z INFO JobNotification] Entering EndMonitor
[2021-05-10 12:32:02Z WARN GitHubActionsService] Authentication failed with status code 401.
WWW-Authenticate: Bearer
Strict-Transport-Security: max-age=2592000
X-TFS-ProcessId: a3ef4eab-0ba9-42ca-8a46-be6ff7dafe88
ActivityId: ab970c72-9e3c-49ba-ab2d-5fd154129d53
X-TFS-Session: a715fc8b-603e-4402-bcb6-a6b555f1eed0
X-VSS-E2EID: cfde68da-3812-427a-9630-91612855967d
X-VSS-SenderDeploymentId: ac98198d-4d34-0364-420d-bafa6e51dce2
X-TFS-ServiceError: The+user+%27System%3aPublicAccess%3baaaaaaaa-aaaa-aaaa-aaaa-aaaaaaaaaaaa%27+is+not+authorized+to+access+this+resource.
X-VSS-S2STargetService: 0000005A-0000-8888-8000-000000000000/visualstudio.com
X-MSEdge-Ref: Ref A: 3736B1ED3FB4416BAAFC647960B05726 Ref B: MIL30EDGE0811 Ref C: 2021-05-10T12:32:03Z
Date: Mon, 10 May 2021 12:32:02 GMT

[2021-05-10 12:32:02Z INFO RSAFileKeyManager] Loading RSA key parameters from file /home/edge/Desktop/Workshop_Siemens_IE_App_Development_2021_05_10/CI_CD_GitHubActions_ExampleApp/CI_CD/actions-runner/.credentials_rsaparams
[2021-05-10 12:32:03Z INFO GitHubActionsService] AAD Correlation ID for this token request: Unknown
[2021-05-10 12:32:53Z INFO MessageListener] No message retrieved from session '3ce0d9f2-def4-403f-b112-d14082f6607e' within last 30 minutes.
[2021-05-10 13:02:59Z INFO MessageListener] No message retrieved from session '3ce0d9f2-def4-403f-b112-d14082f6607e' within last 30 minutes.
[2021-05-10 13:27:14Z WARN GitHubActionsService] Authentication failed with status code 401.
WWW-Authenticate: Bearer
Strict-Transport-Security: max-age=2592000
X-TFS-ProcessId: a3ef4eab-0ba9-42ca-8a46-be6ff7dafe88
ActivityId: abfbcc95-9e3c-49ba-ab2d-5fd154129d53
X-TFS-Session: a715fc8b-603e-4402-bcb6-a6b555f1eed0
X-VSS-E2EID: 9a7e5cbf-de13-4cd7-bd1a-6b034a57f403
X-VSS-SenderDeploymentId: ac98198d-4d34-0364-420d-bafa6e51dce2
X-TFS-ServiceError: The+user+%27System%3aPublicAccess%3baaaaaaaa-aaaa-aaaa-aaaa-aaaaaaaaaaaa%27+is+not+authorized+to+access+this+resource.
X-VSS-S2STargetService: 0000005A-0000-8888-8000-000000000000/visualstudio.com
X-MSEdge-Ref: Ref A: 16814D6642684AE6BF1F3F6FE023AF69 Ref B: MIL30EDGE0811 Ref C: 2021-05-10T13:27:16Z
Date: Mon, 10 May 2021 13:27:15 GMT

[2021-05-10 13:27:14Z INFO RSAFileKeyManager] Loading RSA key parameters from file /home/edge/Desktop/Workshop_Siemens_IE_App_Development_2021_05_10/CI_CD_GitHubActions_ExampleApp/CI_CD/actions-runner/.credentials_rsaparams
[2021-05-10 13:27:15Z INFO GitHubActionsService] AAD Correlation ID for this token request: Unknown
[2021-05-10 13:33:06Z INFO MessageListener] No message retrieved from session '3ce0d9f2-def4-403f-b112-d14082f6607e' within last 30 minutes.
