[2021-05-10 11:36:13Z INFO HostContext] No proxy settings were found based on environmental variables (http_proxy/https_proxy/HTTP_PROXY/HTTPS_PROXY)
[2021-05-10 11:36:13Z INFO HostContext] Well known directory 'Bin': '/home/edge/Desktop/Workshop_Siemens_IE_App_Development_2021_05_10/CI_CD_GitHubActions_ExampleApp/CI_CD/actions-runner/bin'
[2021-05-10 11:36:13Z INFO HostContext] Well known directory 'Root': '/home/edge/Desktop/Workshop_Siemens_IE_App_Development_2021_05_10/CI_CD_GitHubActions_ExampleApp/CI_CD/actions-runner'
[2021-05-10 11:36:13Z INFO HostContext] Well known config file 'Credentials': '/home/edge/Desktop/Workshop_Siemens_IE_App_Development_2021_05_10/CI_CD_GitHubActions_ExampleApp/CI_CD/actions-runner/.credentials'
[2021-05-10 11:36:13Z INFO Listener] Runner is built for Linux (X64) - linux-x64.
[2021-05-10 11:36:13Z INFO Listener] RuntimeInformation: Linux 5.4.0-72-generic #80~18.04.1-Ubuntu SMP Mon Apr 12 23:26:25 UTC 2021.
[2021-05-10 11:36:13Z INFO Listener] Version: 2.278.0
[2021-05-10 11:36:13Z INFO Listener] Commit: 62d926efce35d3ea16d7624a25aaa5b300737def
[2021-05-10 11:36:13Z INFO Listener] Culture: en-US
[2021-05-10 11:36:13Z INFO Listener] UI Culture: en-US
[2021-05-10 11:36:13Z INFO HostContext] Well known directory 'Bin': '/home/edge/Desktop/Workshop_Siemens_IE_App_Development_2021_05_10/CI_CD_GitHubActions_ExampleApp/CI_CD/actions-runner/bin'
[2021-05-10 11:36:13Z INFO HostContext] Well known directory 'Root': '/home/edge/Desktop/Workshop_Siemens_IE_App_Development_2021_05_10/CI_CD_GitHubActions_ExampleApp/CI_CD/actions-runner'
[2021-05-10 11:36:13Z INFO Listener] Validating directory permissions for: '/home/edge/Desktop/Workshop_Siemens_IE_App_Development_2021_05_10/CI_CD_GitHubActions_ExampleApp/CI_CD/actions-runner'
[2021-05-10 11:36:13Z INFO CommandLineParser] Parse
[2021-05-10 11:36:13Z INFO CommandLineParser] Parsing 5 args
[2021-05-10 11:36:13Z INFO CommandLineParser] parsing argument
[2021-05-10 11:36:13Z INFO CommandLineParser] HasArgs: False
[2021-05-10 11:36:13Z INFO CommandLineParser] Adding Command: configure
[2021-05-10 11:36:13Z INFO CommandLineParser] parsing argument
[2021-05-10 11:36:13Z INFO CommandLineParser] HasArgs: True
[2021-05-10 11:36:13Z INFO CommandLineParser] arg: url
[2021-05-10 11:36:13Z INFO CommandLineParser] parsing argument
[2021-05-10 11:36:13Z INFO CommandLineParser] HasArgs: True
[2021-05-10 11:36:13Z INFO CommandLineParser] Adding option 'url': 'https://github.com/SiemensIndustrialEdgeITA/CI_CD_GitHubActions_ExampleApp'
[2021-05-10 11:36:13Z INFO CommandLineParser] parsing argument
[2021-05-10 11:36:13Z INFO CommandLineParser] HasArgs: True
[2021-05-10 11:36:13Z INFO CommandLineParser] arg: token
[2021-05-10 11:36:13Z INFO CommandLineParser] parsing argument
[2021-05-10 11:36:13Z INFO CommandLineParser] HasArgs: True
[2021-05-10 11:36:13Z INFO CommandLineParser] Adding option 'token': '***'
[2021-05-10 11:36:13Z INFO Listener] Arguments parsed
[2021-05-10 11:36:13Z INFO Runner] ExecuteCommand
[2021-05-10 11:36:13Z INFO ConfigurationStore] currentAssemblyLocation: /home/edge/Desktop/Workshop_Siemens_IE_App_Development_2021_05_10/CI_CD_GitHubActions_ExampleApp/CI_CD/actions-runner/bin/Runner.Listener.dll
[2021-05-10 11:36:13Z INFO HostContext] Well known directory 'Bin': '/home/edge/Desktop/Workshop_Siemens_IE_App_Development_2021_05_10/CI_CD_GitHubActions_ExampleApp/CI_CD/actions-runner/bin'
[2021-05-10 11:36:13Z INFO ConfigurationStore] binPath: /home/edge/Desktop/Workshop_Siemens_IE_App_Development_2021_05_10/CI_CD_GitHubActions_ExampleApp/CI_CD/actions-runner/bin
[2021-05-10 11:36:13Z INFO HostContext] Well known directory 'Bin': '/home/edge/Desktop/Workshop_Siemens_IE_App_Development_2021_05_10/CI_CD_GitHubActions_ExampleApp/CI_CD/actions-runner/bin'
[2021-05-10 11:36:13Z INFO HostContext] Well known directory 'Root': '/home/edge/Desktop/Workshop_Siemens_IE_App_Development_2021_05_10/CI_CD_GitHubActions_ExampleApp/CI_CD/actions-runner'
[2021-05-10 11:36:13Z INFO ConfigurationStore] RootFolder: /home/edge/Desktop/Workshop_Siemens_IE_App_Development_2021_05_10/CI_CD_GitHubActions_ExampleApp/CI_CD/actions-runner
[2021-05-10 11:36:13Z INFO HostContext] Well known directory 'Bin': '/home/edge/Desktop/Workshop_Siemens_IE_App_Development_2021_05_10/CI_CD_GitHubActions_ExampleApp/CI_CD/actions-runner/bin'
[2021-05-10 11:36:13Z INFO HostContext] Well known directory 'Root': '/home/edge/Desktop/Workshop_Siemens_IE_App_Development_2021_05_10/CI_CD_GitHubActions_ExampleApp/CI_CD/actions-runner'
[2021-05-10 11:36:13Z INFO HostContext] Well known config file 'Runner': '/home/edge/Desktop/Workshop_Siemens_IE_App_Development_2021_05_10/CI_CD_GitHubActions_ExampleApp/CI_CD/actions-runner/.runner'
[2021-05-10 11:36:13Z INFO ConfigurationStore] ConfigFilePath: /home/edge/Desktop/Workshop_Siemens_IE_App_Development_2021_05_10/CI_CD_GitHubActions_ExampleApp/CI_CD/actions-runner/.runner
[2021-05-10 11:36:13Z INFO HostContext] Well known directory 'Bin': '/home/edge/Desktop/Workshop_Siemens_IE_App_Development_2021_05_10/CI_CD_GitHubActions_ExampleApp/CI_CD/actions-runner/bin'
[2021-05-10 11:36:13Z INFO HostContext] Well known directory 'Root': '/home/edge/Desktop/Workshop_Siemens_IE_App_Development_2021_05_10/CI_CD_GitHubActions_ExampleApp/CI_CD/actions-runner'
[2021-05-10 11:36:13Z INFO HostContext] Well known config file 'Credentials': '/home/edge/Desktop/Workshop_Siemens_IE_App_Development_2021_05_10/CI_CD_GitHubActions_ExampleApp/CI_CD/actions-runner/.credentials'
[2021-05-10 11:36:13Z INFO ConfigurationStore] CredFilePath: /home/edge/Desktop/Workshop_Siemens_IE_App_Development_2021_05_10/CI_CD_GitHubActions_ExampleApp/CI_CD/actions-runner/.credentials
[2021-05-10 11:36:13Z INFO HostContext] Well known directory 'Bin': '/home/edge/Desktop/Workshop_Siemens_IE_App_Development_2021_05_10/CI_CD_GitHubActions_ExampleApp/CI_CD/actions-runner/bin'
[2021-05-10 11:36:13Z INFO HostContext] Well known directory 'Root': '/home/edge/Desktop/Workshop_Siemens_IE_App_Development_2021_05_10/CI_CD_GitHubActions_ExampleApp/CI_CD/actions-runner'
[2021-05-10 11:36:13Z INFO HostContext] Well known config file 'MigratedCredentials': '/home/edge/Desktop/Workshop_Siemens_IE_App_Development_2021_05_10/CI_CD_GitHubActions_ExampleApp/CI_CD/actions-runner/.credentials_migrated'
[2021-05-10 11:36:13Z INFO ConfigurationStore] MigratedCredFilePath: /home/edge/Desktop/Workshop_Siemens_IE_App_Development_2021_05_10/CI_CD_GitHubActions_ExampleApp/CI_CD/actions-runner/.credentials_migrated
[2021-05-10 11:36:13Z INFO HostContext] Well known directory 'Bin': '/home/edge/Desktop/Workshop_Siemens_IE_App_Development_2021_05_10/CI_CD_GitHubActions_ExampleApp/CI_CD/actions-runner/bin'
[2021-05-10 11:36:13Z INFO HostContext] Well known directory 'Root': '/home/edge/Desktop/Workshop_Siemens_IE_App_Development_2021_05_10/CI_CD_GitHubActions_ExampleApp/CI_CD/actions-runner'
[2021-05-10 11:36:13Z INFO HostContext] Well known config file 'Service': '/home/edge/Desktop/Workshop_Siemens_IE_App_Development_2021_05_10/CI_CD_GitHubActions_ExampleApp/CI_CD/actions-runner/.service'
[2021-05-10 11:36:13Z INFO ConfigurationStore] ServiceConfigFilePath: /home/edge/Desktop/Workshop_Siemens_IE_App_Development_2021_05_10/CI_CD_GitHubActions_ExampleApp/CI_CD/actions-runner/.service
[2021-05-10 11:36:13Z INFO CommandSettings] Flag 'help': 'False'
[2021-05-10 11:36:13Z INFO CommandSettings] Flag 'version': 'False'
[2021-05-10 11:36:13Z INFO CommandSettings] Flag 'commit': 'False'
[2021-05-10 11:36:13Z INFO CommandSettings] Flag 'check': 'False'
[2021-05-10 11:36:13Z INFO CommandSettings] Command 'configure': 'True'
[2021-05-10 11:36:13Z INFO Terminal] WRITE LINE: 
[2021-05-10 11:36:13Z INFO Terminal] WRITE LINE: --------------------------------------------------------------------------------
[2021-05-10 11:36:13Z INFO Terminal] WRITE LINE: |        ____ _ _   _   _       _          _        _   _                      |
[2021-05-10 11:36:13Z INFO Terminal] WRITE LINE: |       / ___(_) |_| | | |_   _| |__      / \   ___| |_(_) ___  _ __  ___      |
[2021-05-10 11:36:13Z INFO Terminal] WRITE LINE: |      | |  _| | __| |_| | | | | '_ \    / _ \ / __| __| |/ _ \| '_ \/ __|     |
[2021-05-10 11:36:13Z INFO Terminal] WRITE LINE: |      | |_| | | |_|  _  | |_| | |_) |  / ___ \ (__| |_| | (_) | | | \__ \     |
[2021-05-10 11:36:13Z INFO Terminal] WRITE LINE: |       \____|_|\__|_| |_|\__,_|_.__/  /_/   \_\___|\__|_|\___/|_| |_|___/     |
[2021-05-10 11:36:13Z INFO Terminal] WRITE LINE: |                                                                              |
[2021-05-10 11:36:13Z INFO Terminal] WRITE: |                       
[2021-05-10 11:36:13Z INFO Terminal] WRITE: Self-hosted runner registration
[2021-05-10 11:36:13Z INFO Terminal] WRITE LINE:                         |
[2021-05-10 11:36:13Z INFO Terminal] WRITE LINE: |                                                                              |
[2021-05-10 11:36:13Z INFO Terminal] WRITE LINE: --------------------------------------------------------------------------------
[2021-05-10 11:36:13Z INFO ConfigurationManager] ConfigureAsync
[2021-05-10 11:36:13Z INFO ConfigurationStore] IsConfigured()
[2021-05-10 11:36:13Z INFO ConfigurationStore] IsConfigured: False
[2021-05-10 11:36:13Z INFO ConfigurationManager] Is configured: False
[2021-05-10 11:36:13Z INFO CommandSettings] Arg 'url': 'https://github.com/SiemensIndustrialEdgeITA/CI_CD_GitHubActions_ExampleApp'
[2021-05-10 11:36:13Z INFO CommandSettings] Remove url from Arg dictionary.
[2021-05-10 11:36:13Z INFO CommandSettings] Arg 'token': '***'
[2021-05-10 11:36:13Z INFO CommandSettings] Remove token from Arg dictionary.
[2021-05-10 11:36:14Z INFO ConfigurationManager] Http response code: OK from 'POST https://api.github.com/actions/runner-registration'
[2021-05-10 11:36:14Z INFO ConfigurationManager] cred retrieved via GitHub auth
[2021-05-10 11:36:14Z INFO RunnerServer] Establish connection with 100 seconds timeout.
[2021-05-10 11:36:14Z INFO GitHubActionsService] Starting operation Location.GetConnectionData
[2021-05-10 11:36:14Z INFO RunnerServer] Establish connection with 60 seconds timeout.
[2021-05-10 11:36:14Z INFO GitHubActionsService] Starting operation Location.GetConnectionData
[2021-05-10 11:36:14Z INFO RunnerServer] Establish connection with 60 seconds timeout.
[2021-05-10 11:36:14Z INFO GitHubActionsService] Starting operation Location.GetConnectionData
[2021-05-10 11:36:15Z INFO GitHubActionsService] Finished operation Location.GetConnectionData
[2021-05-10 11:36:15Z INFO GitHubActionsService] Finished operation Location.GetConnectionData
[2021-05-10 11:36:15Z INFO GitHubActionsService] Finished operation Location.GetConnectionData
[2021-05-10 11:36:15Z INFO Terminal] WRITE LINE: 
[2021-05-10 11:36:15Z INFO ConfigurationManager] Test Connection complete.
[2021-05-10 11:36:15Z INFO HostContext] Well known directory 'Bin': '/home/edge/Desktop/Workshop_Siemens_IE_App_Development_2021_05_10/CI_CD_GitHubActions_ExampleApp/CI_CD/actions-runner/bin'
[2021-05-10 11:36:15Z INFO HostContext] Well known directory 'Root': '/home/edge/Desktop/Workshop_Siemens_IE_App_Development_2021_05_10/CI_CD_GitHubActions_ExampleApp/CI_CD/actions-runner'
[2021-05-10 11:36:15Z INFO HostContext] Well known config file 'RSACredentials': '/home/edge/Desktop/Workshop_Siemens_IE_App_Development_2021_05_10/CI_CD_GitHubActions_ExampleApp/CI_CD/actions-runner/.credentials_rsaparams'
[2021-05-10 11:36:15Z INFO RSAFileKeyManager] Creating new RSA key using 2048-bit key length
[2021-05-10 11:36:15Z INFO RSAFileKeyManager] Successfully saved RSA key parameters to file /home/edge/Desktop/Workshop_Siemens_IE_App_Development_2021_05_10/CI_CD_GitHubActions_ExampleApp/CI_CD/actions-runner/.credentials_rsaparams
[2021-05-10 11:36:15Z INFO RSAFileKeyManager] Which: 'chmod'
[2021-05-10 11:36:15Z INFO RSAFileKeyManager] Location: '/bin/chmod'
[2021-05-10 11:36:15Z INFO HostContext] Well known directory 'Bin': '/home/edge/Desktop/Workshop_Siemens_IE_App_Development_2021_05_10/CI_CD_GitHubActions_ExampleApp/CI_CD/actions-runner/bin'
[2021-05-10 11:36:15Z INFO HostContext] Well known directory 'Root': '/home/edge/Desktop/Workshop_Siemens_IE_App_Development_2021_05_10/CI_CD_GitHubActions_ExampleApp/CI_CD/actions-runner'
[2021-05-10 11:36:15Z INFO ProcessInvokerWrapper] Starting process:
[2021-05-10 11:36:15Z INFO ProcessInvokerWrapper]   File name: '/bin/chmod'
[2021-05-10 11:36:15Z INFO ProcessInvokerWrapper]   Arguments: '600 /home/edge/Desktop/Workshop_Siemens_IE_App_Development_2021_05_10/CI_CD_GitHubActions_ExampleApp/CI_CD/actions-runner/.credentials_rsaparams'
[2021-05-10 11:36:15Z INFO ProcessInvokerWrapper]   Working directory: '/home/edge/Desktop/Workshop_Siemens_IE_App_Development_2021_05_10/CI_CD_GitHubActions_ExampleApp/CI_CD/actions-runner'
[2021-05-10 11:36:15Z INFO ProcessInvokerWrapper]   Require exit code zero: 'False'
[2021-05-10 11:36:15Z INFO ProcessInvokerWrapper]   Encoding web name:  ; code page: ''
[2021-05-10 11:36:15Z INFO ProcessInvokerWrapper]   Force kill process on cancellation: 'False'
[2021-05-10 11:36:15Z INFO ProcessInvokerWrapper]   Redirected STDIN: 'False'
[2021-05-10 11:36:15Z INFO ProcessInvokerWrapper]   Persist current code page: 'False'
[2021-05-10 11:36:15Z INFO ProcessInvokerWrapper]   Keep redirected STDIN open: 'False'
[2021-05-10 11:36:15Z INFO ProcessInvokerWrapper]   High priority process: 'False'
[2021-05-10 11:36:15Z INFO ProcessInvokerWrapper] Failed to update oom_score_adj for PID: 28170.
[2021-05-10 11:36:15Z INFO ProcessInvokerWrapper] System.UnauthorizedAccessException: Access to the path '/proc/28170/oom_score_adj' is denied.
 ---> System.IO.IOException: Permission denied
   --- End of inner exception stack trace ---
   at Interop.ThrowExceptionForIoErrno(ErrorInfo errorInfo, String path, Boolean isDirectory, Func`2 errorRewriter)
   at Microsoft.Win32.SafeHandles.SafeFileHandle.Open(String path, OpenFlags flags, Int32 mode)
   at System.IO.FileStream.OpenHandle(FileMode mode, FileShare share, FileOptions options)
   at System.IO.FileStream..ctor(String path, FileMode mode, FileAccess access, FileShare share, Int32 bufferSize, FileOptions options)
   at System.IO.StreamWriter.ValidateArgsAndOpenPath(String path, Boolean append, Encoding encoding, Int32 bufferSize)
   at System.IO.StreamWriter..ctor(String path)
   at System.IO.File.WriteAllText(String path, String contents)
   at GitHub.Runner.Sdk.ProcessInvoker.WriteProcessOomScoreAdj(Int32 processId, Int32 oomScoreAdj)
[2021-05-10 11:36:15Z INFO ProcessInvokerWrapper] Process started with process id 28170, waiting for process exit.
[2021-05-10 11:36:15Z INFO ProcessInvokerWrapper] STDOUT/STDERR stream read finished.
[2021-05-10 11:36:15Z INFO ProcessInvokerWrapper] STDOUT/STDERR stream read finished.
[2021-05-10 11:36:15Z INFO ProcessInvokerWrapper] Finished process 28170 with exit code 0, and elapsed time 00:00:00.0265793.
[2021-05-10 11:36:15Z INFO RSAFileKeyManager] Successfully set permissions for RSA key parameters file /home/edge/Desktop/Workshop_Siemens_IE_App_Development_2021_05_10/CI_CD_GitHubActions_ExampleApp/CI_CD/actions-runner/.credentials_rsaparams
[2021-05-10 11:36:15Z INFO ConfigurationManager] Found a self-hosted runner group with id {1} and name {2} 1, Default
[2021-05-10 11:36:15Z INFO CommandSettings] Arg 'name': ''
[2021-05-10 11:36:15Z INFO CommandSettings] Flag 'unattended': 'False'
[2021-05-10 11:36:15Z INFO PromptManager] ReadValue
[2021-05-10 11:36:15Z INFO Terminal] WRITE: Enter the name of runner: 
[2021-05-10 11:36:15Z INFO Terminal] WRITE: [press Enter for devvm] 
[2021-05-10 11:36:15Z INFO Terminal] READ LINE
[2021-05-10 11:36:21Z INFO Terminal] Read value: ''
[2021-05-10 11:36:21Z INFO PromptManager] Falling back to the default: 'devvm'
[2021-05-10 11:36:21Z INFO Terminal] WRITE LINE: 
[2021-05-10 11:36:21Z INFO CommandSettings] Arg 'labels': ''
[2021-05-10 11:36:21Z INFO CommandSettings] Flag 'unattended': 'False'
[2021-05-10 11:36:21Z INFO PromptManager] ReadValue
[2021-05-10 11:36:21Z INFO Terminal] WRITE: This runner will have the following labels: 'self-hosted', 'Linux', 'X64' 
Enter any additional labels (ex. label-1,label-2): 
[2021-05-10 11:36:21Z INFO Terminal] WRITE: [press Enter to skip] 
[2021-05-10 11:36:21Z INFO Terminal] READ LINE
[2021-05-10 11:36:24Z INFO Terminal] Read value: ''
[2021-05-10 11:36:24Z INFO Terminal] WRITE LINE: 
[2021-05-10 11:36:24Z INFO ConfigurationStore] Saving OAuth credential @ /home/edge/Desktop/Workshop_Siemens_IE_App_Development_2021_05_10/CI_CD_GitHubActions_ExampleApp/CI_CD/actions-runner/.credentials
[2021-05-10 11:36:24Z INFO ConfigurationStore] Credentials Saved.
[2021-05-10 11:36:24Z INFO ConfigurationStore] HasCredentials()
[2021-05-10 11:36:24Z INFO ConfigurationStore] stored True
[2021-05-10 11:36:24Z INFO CredentialManager] GetCredentialProvider
[2021-05-10 11:36:24Z INFO CredentialManager] Creating type OAuth
[2021-05-10 11:36:24Z INFO CredentialManager] Creating credential type: OAuth
[2021-05-10 11:36:24Z INFO RSAFileKeyManager] Loading RSA key parameters from file /home/edge/Desktop/Workshop_Siemens_IE_App_Development_2021_05_10/CI_CD_GitHubActions_ExampleApp/CI_CD/actions-runner/.credentials_rsaparams
[2021-05-10 11:36:24Z INFO RunnerServer] Establish connection with 100 seconds timeout.
[2021-05-10 11:36:25Z INFO GitHubActionsService] Starting operation Location.GetConnectionData
[2021-05-10 11:36:25Z INFO RunnerServer] Establish connection with 60 seconds timeout.
[2021-05-10 11:36:25Z INFO GitHubActionsService] Starting operation Location.GetConnectionData
[2021-05-10 11:36:25Z INFO RunnerServer] Establish connection with 60 seconds timeout.
[2021-05-10 11:36:25Z INFO GitHubActionsService] Starting operation Location.GetConnectionData
[2021-05-10 11:36:25Z INFO GitHubActionsService] Finished operation Location.GetConnectionData
[2021-05-10 11:36:25Z INFO GitHubActionsService] Finished operation Location.GetConnectionData
[2021-05-10 11:36:25Z INFO GitHubActionsService] Finished operation Location.GetConnectionData
[2021-05-10 11:36:25Z WARN GitHubActionsService] Authentication failed with status code 401.
Transfer-Encoding: chunked
WWW-Authenticate: Bearer
Strict-Transport-Security: max-age=2592000
X-TFS-ProcessId: 5a171a1a-8c56-4d05-a057-f01e30796dbb
ActivityId: bbd81df4-2b5b-47cc-818a-1474dbe375ba
X-TFS-Session: 8408dc85-9a3c-41ae-b1da-2f5356bf8018
X-VSS-E2EID: 32357b83-c2a2-4fb2-bbab-d66c2e463476
X-VSS-SenderDeploymentId: ac98198d-4d34-0364-420d-bafa6e51dce2
X-TFS-ServiceError: The+user+%27System%3aPublicAccess%3baaaaaaaa-aaaa-aaaa-aaaa-aaaaaaaaaaaa%27+is+not+authorized+to+access+this+resource.
X-VSS-S2STargetService: 0000005A-0000-8888-8000-000000000000/visualstudio.com
X-MSEdge-Ref: Ref A: 6889A519B59B40C2B515F5F3BE8D5AB6 Ref B: MIL30EDGE0706 Ref C: 2021-05-10T11:36:28Z
Date: Mon, 10 May 2021 11:36:27 GMT

[2021-05-10 11:36:25Z INFO RSAFileKeyManager] Loading RSA key parameters from file /home/edge/Desktop/Workshop_Siemens_IE_App_Development_2021_05_10/CI_CD_GitHubActions_ExampleApp/CI_CD/actions-runner/.credentials_rsaparams
[2021-05-10 11:36:25Z INFO RSAFileKeyManager] Loading RSA key parameters from file /home/edge/Desktop/Workshop_Siemens_IE_App_Development_2021_05_10/CI_CD_GitHubActions_ExampleApp/CI_CD/actions-runner/.credentials_rsaparams
[2021-05-10 11:36:26Z INFO GitHubActionsService] AAD Correlation ID for this token request: Unknown
[2021-05-10 11:36:26Z INFO CommandSettings] Arg 'work': ''
[2021-05-10 11:36:26Z INFO CommandSettings] Flag 'unattended': 'False'
[2021-05-10 11:36:26Z INFO PromptManager] ReadValue
[2021-05-10 11:36:26Z INFO Terminal] WRITE: Enter name of work folder: 
[2021-05-10 11:36:26Z INFO Terminal] WRITE: [press Enter for _work] 
[2021-05-10 11:36:26Z INFO Terminal] READ LINE
[2021-05-10 11:36:28Z INFO Terminal] Read value: ''
[2021-05-10 11:36:28Z INFO PromptManager] Falling back to the default: '_work'
[2021-05-10 11:36:28Z INFO ConfigurationStore] Saving runner settings.
[2021-05-10 11:36:28Z INFO ConfigurationStore] Settings Saved.
[2021-05-10 11:36:28Z INFO Terminal] WRITE LINE: 
[2021-05-10 11:36:28Z INFO Terminal] WRITE LINE: 
[2021-05-10 11:36:28Z INFO SystemDControlManager] Service name 'actions.runner.SiemensIndustrialEdgeITA-CI_CD_GitHubActions_.devvm.service' display name 'GitHub Actions Runner (SiemensIndustrialEdgeITA-CI_CD_GitHubActions_ExampleApp.devvm)' will be used for service configuration.
[2021-05-10 11:36:28Z INFO HostContext] Well known directory 'Bin': '/home/edge/Desktop/Workshop_Siemens_IE_App_Development_2021_05_10/CI_CD_GitHubActions_ExampleApp/CI_CD/actions-runner/bin'
[2021-05-10 11:36:28Z INFO HostContext] Well known directory 'Root': '/home/edge/Desktop/Workshop_Siemens_IE_App_Development_2021_05_10/CI_CD_GitHubActions_ExampleApp/CI_CD/actions-runner'
[2021-05-10 11:36:28Z INFO HostContext] Well known directory 'Bin': '/home/edge/Desktop/Workshop_Siemens_IE_App_Development_2021_05_10/CI_CD_GitHubActions_ExampleApp/CI_CD/actions-runner/bin'
[2021-05-10 11:36:28Z INFO HostContext] Well known directory 'Bin': '/home/edge/Desktop/Workshop_Siemens_IE_App_Development_2021_05_10/CI_CD_GitHubActions_ExampleApp/CI_CD/actions-runner/bin'
[2021-05-10 11:36:28Z INFO HostContext] Well known directory 'Root': '/home/edge/Desktop/Workshop_Siemens_IE_App_Development_2021_05_10/CI_CD_GitHubActions_ExampleApp/CI_CD/actions-runner'
[2021-05-10 11:36:28Z INFO UnixUtil] Which: 'chmod'
[2021-05-10 11:36:28Z INFO UnixUtil] Location: '/bin/chmod'
[2021-05-10 11:36:28Z INFO UnixUtil] Running /bin/chmod 755 "/home/edge/Desktop/Workshop_Siemens_IE_App_Development_2021_05_10/CI_CD_GitHubActions_ExampleApp/CI_CD/actions-runner/svc.sh"
[2021-05-10 11:36:28Z INFO ProcessInvokerWrapper] Starting process:
[2021-05-10 11:36:28Z INFO ProcessInvokerWrapper]   File name: '/bin/chmod'
[2021-05-10 11:36:28Z INFO ProcessInvokerWrapper]   Arguments: '755 "/home/edge/Desktop/Workshop_Siemens_IE_App_Development_2021_05_10/CI_CD_GitHubActions_ExampleApp/CI_CD/actions-runner/svc.sh"'
[2021-05-10 11:36:28Z INFO ProcessInvokerWrapper]   Working directory: '/home/edge/Desktop/Workshop_Siemens_IE_App_Development_2021_05_10/CI_CD_GitHubActions_ExampleApp/CI_CD/actions-runner'
[2021-05-10 11:36:28Z INFO ProcessInvokerWrapper]   Require exit code zero: 'True'
[2021-05-10 11:36:28Z INFO ProcessInvokerWrapper]   Encoding web name:  ; code page: ''
[2021-05-10 11:36:28Z INFO ProcessInvokerWrapper]   Force kill process on cancellation: 'False'
[2021-05-10 11:36:28Z INFO ProcessInvokerWrapper]   Redirected STDIN: 'False'
[2021-05-10 11:36:28Z INFO ProcessInvokerWrapper]   Persist current code page: 'False'
[2021-05-10 11:36:28Z INFO ProcessInvokerWrapper]   Keep redirected STDIN open: 'False'
[2021-05-10 11:36:28Z INFO ProcessInvokerWrapper]   High priority process: 'False'
[2021-05-10 11:36:28Z INFO ProcessInvokerWrapper] Updated oom_score_adj to 500 for PID: 28203.
[2021-05-10 11:36:28Z INFO ProcessInvokerWrapper] Process started with process id 28203, waiting for process exit.
[2021-05-10 11:36:28Z INFO ProcessInvokerWrapper] STDOUT/STDERR stream read finished.
[2021-05-10 11:36:28Z INFO ProcessInvokerWrapper] STDOUT/STDERR stream read finished.
[2021-05-10 11:36:28Z INFO ProcessInvokerWrapper] Finished process 28203 with exit code 0, and elapsed time 00:00:00.0017853.
[2021-05-10 11:36:28Z INFO Listener] Runner execution has finished with return code 0
