[2021-05-10 11:42:48Z INFO HostContext] No proxy settings were found based on environmental variables (http_proxy/https_proxy/HTTP_PROXY/HTTPS_PROXY)
[2021-05-10 11:42:48Z INFO HostContext] Well known directory 'Bin': '/home/edge/Desktop/Workshop_Siemens_IE_App_Development_2021_05_10/CI_CD_GitHubActions_ExampleApp/CI_CD/actions-runner/bin'
[2021-05-10 11:42:48Z INFO HostContext] Well known directory 'Root': '/home/edge/Desktop/Workshop_Siemens_IE_App_Development_2021_05_10/CI_CD_GitHubActions_ExampleApp/CI_CD/actions-runner'
[2021-05-10 11:42:48Z INFO HostContext] Well known config file 'Credentials': '/home/edge/Desktop/Workshop_Siemens_IE_App_Development_2021_05_10/CI_CD_GitHubActions_ExampleApp/CI_CD/actions-runner/.credentials'
[2021-05-10 11:42:48Z INFO Worker] Version: 2.278.0
[2021-05-10 11:42:48Z INFO Worker] Commit: 62d926efce35d3ea16d7624a25aaa5b300737def
[2021-05-10 11:42:48Z INFO Worker] Culture: en-US
[2021-05-10 11:42:48Z INFO Worker] UI Culture: en-US
[2021-05-10 11:42:48Z INFO Worker] Waiting to receive the job message from the channel.
[2021-05-10 11:42:48Z INFO Worker] Message received.
[2021-05-10 11:42:49Z INFO Worker] Job message:
 {
  "fileTable": [
    ".github/workflows/cicd.yml"
  ],
  "mask": [
    {
      "type": "regex",
      "value": "***"
    },
    {
      "type": "regex",
      "value": "***"
    },
    {
      "type": "regex",
      "value": "***"
    },
    {
      "type": "regex",
      "value": "***"
    },
    {
      "type": "regex",
      "value": "***"
    },
    {
      "type": "regex",
      "value": "***"
    },
    {
      "type": "regex",
      "value": "***"
    },
    {
      "type": "regex",
      "value": "***"
    },
    {
      "type": "regex",
      "value": "***"
    }
  ],
  "steps": [
    {
      "type": "action",
      "reference": {
        "type": "script"
      },
      "displayNameToken": {
        "type": 0,
        "file": 1,
        "line": 25,
        "col": 15,
        "lit": "Initializing workspace"
      },
      "inputs": {
        "type": 2,
        "map": [
          {
            "key": "script",
            "value": {
              "type": 0,
              "file": 1,
              "line": 26,
              "col": 14,
              "lit": "echo \"Uploading to IEM\"\nmkdir -p workspace\ncd workspace\nie-app-publisher-linux ws init   \ncd ..\n"
            }
          }
        ]
      },
      "condition": "success()",
      "id": "46f41c29-8213-5ad4-4150-8ee18aff5b52",
      "name": "run1"
    },
    {
      "type": "action",
      "reference": {
        "type": "script"
      },
      "displayNameToken": {
        "type": 0,
        "file": 1,
        "line": 33,
        "col": 15,
        "lit": "Uploading app to IEM"
      },
      "inputs": {
        "type": 2,
        "map": [
          {
            "key": "script",
            "value": {
              "type": 3,
              "file": 1,
              "line": 34,
              "col": 14,
              "expr": "format('echo \"Uploading to IEM\"\ncp -RT APP ./workspace\ncd workspace\nie-app-publisher-linux de c -u http://localhost:2375\nexport IE_SKIP_CERTIFICATE=true\nie-app-publisher-linux em li -u {0} -e {1} -p {2}\n\nversion=$(ie-app-publisher-linux em app dt -a {3} -p | \\\n  python3 -c \"import sys, json; print(json.load(sys.stdin)[''versions''][0][''versionNumber''])\")\necho ''old Version: ''$version\n\nnew_version=$(echo $version | awk -F. -v OFS=. ''NF==1{{print ++$NF}}; NF>1{{if(length($NF+1)>length($NF))$(NF-1)++; $NF=sprintf(\"%0*d\", length($NF), ($NF+1)%(10^length($NF))); print}}'')\necho ''new Version: ''$new_version\n\nie-app-publisher-linux em app cuv -a {4} -v $new_version -y ./docker-compose.prod.yml -n ''{{\"simplechat-py\":[{{\"name\":\"simplechat-py\",\"protocol\":\"HTTP\",\"port\":\"5000\",\"headers\":\"\",\"rewriteTarget\":\"/\"}}]}}'' -s ''simplechat-py'' -t ''FromBoxReverseProxy'' -u \"simplechat-py\" -r \"/\"\nie-app-publisher-linux em app uuv -a {5} -v $new_version\n', secrets.IEM_URL, secrets.USER_NAME, secrets.PSWD, secrets.APP_ID, secrets.APP_ID, secrets.APP_ID)"
            }
          }
        ]
      },
      "condition": "success()",
      "id": "a9a46c54-9ba4-5773-aba2-35c7c217d46d",
      "name": "run2"
    }
  ],
  "variables": {
    "APP_ID": {
      "value": "***",
      "isSecret": true
    },
    "IEM_URL": {
      "value": "***",
      "isSecret": true
    },
    "PSWD": {
      "value": "***",
      "isSecret": true
    },
    "USER_NAME": {
      "value": "***",
      "isSecret": true
    },
    "system.isScheduled": {
      "value": "False"
    },
    "system": {
      "value": "actions"
    },
    "system.hosttype": {
      "value": "actions"
    },
    "system.servertype": {
      "value": "Hosted"
    },
    "system.culture": {
      "value": "en-US"
    },
    "system.collectionId": {
      "value": "0d00b08b-f39c-4d90-8f0e-caee5df31960"
    },
    "system.collectionUri": {
      "value": "https://pipelines.actions.githubusercontent.com/hdNHEu0sfqqgx7Nr29BrOialpboOVIAqWjiEvo0RHIHrFAd8PX/"
    },
    "system.taskDefinitionsUri": {
      "value": "https://pipelines.actions.githubusercontent.com/hdNHEu0sfqqgx7Nr29BrOialpboOVIAqWjiEvo0RHIHrFAd8PX/"
    },
    "system.pipelineStartTime": {
      "value": "2021-05-10 11:42:48+00:00"
    },
    "system.definitionId": {
      "value": "3"
    },
    "system.runner.lowdiskspacethreshold": {
      "value": "100"
    },
    "DistributedTask.NewActionMetadata": {
      "value": "true"
    },
    "DistributedTask.UseContextNameForGITHUBACTION": {
      "value": "true"
    },
    "system.teamProjectId": {
      "value": "00000000-0000-0000-0000-000000000000"
    },
    "build.buildId": {
      "value": "5"
    },
    "build.containerId": {
      "value": "1654918"
    },
    "system.workflowFilePath": {
      "value": ".github/workflows/cicd.yml"
    },
    "system.definitionName": {
      "value": "CI_CD_GitHubActions_ExampleApp"
    },
    "system.planId": {
      "value": "3120a63c-5c0a-4f9f-adfb-6837d9a2250d"
    },
    "system.timelineId": {
      "value": "3120a63c-5c0a-4f9f-adfb-6837d9a2250d"
    },
    "system.stageDisplayName": {
      "value": "__default"
    },
    "system.stageId": {
      "value": "96ac2280-8cb4-5df5-99de-dd2da759617d"
    },
    "system.stageName": {
      "value": "__default"
    },
    "system.stageAttempt": {
      "value": "1"
    },
    "system.phaseDisplayName": {
      "value": "deploy"
    },
    "system.phaseId": {
      "value": "d4a9a205-d52e-57fb-7b17-15a9d984af62"
    },
    "system.phaseName": {
      "value": "deploy"
    },
    "system.phaseAttempt": {
      "value": "1"
    },
    "system.jobIdentifier": {
      "value": "deploy.__default"
    },
    "system.jobAttempt": {
      "value": "1"
    },
    "System.JobPositionInPhase": {
      "value": "1"
    },
    "System.TotalJobsInPhase": {
      "value": "1"
    },
    "system.github.job": {
      "value": "deploy"
    },
    "system.jobDisplayName": {
      "value": "deploy"
    },
    "system.jobId": {
      "value": "e07742bd-189a-5079-918b-43f8b2f94b89"
    },
    "system.jobName": {
      "value": "__default"
    },
    "system.github.token.permissions": {
      "value": "{\"Actions\":\"write\",\"Checks\":\"write\",\"Contents\":\"write\",\"Deployments\":\"write\",\"Issues\":\"write\",\"Metadata\":\"read\",\"Packages\":\"write\",\"PullRequests\":\"write\",\"RepositoryProjects\":\"write\",\"SecurityEvents\":\"write\",\"Statuses\":\"write\"}"
    },
    "system.github.token": {
      "value": "***",
      "isSecret": true
    },
    "system.runnerGroupName": {
      "value": "Default"
    }
  },
  "messageType": "PipelineAgentJobRequest",
  "plan": {
    "scopeIdentifier": "00000000-0000-0000-0000-000000000000",
    "planType": "Actions",
    "version": 13,
    "planId": "3120a63c-5c0a-4f9f-adfb-6837d9a2250d",
    "planGroup": "Actions:00000000-0000-0000-0000-000000000000:1",
    "artifactUri": "vstfs:///Build/Build/5",
    "artifactLocation": null,
    "definition": {
      "_links": {},
      "id": 3,
      "name": "CI_CD_GitHubActions_ExampleApp"
    },
    "owner": {
      "_links": {},
      "id": 3,
      "name": "SiemensIndustrialEdgeITA"
    }
  },
  "timeline": {
    "id": "3120a63c-5c0a-4f9f-adfb-6837d9a2250d",
    "changeId": 17,
    "location": null
  },
  "jobId": "e07742bd-189a-5079-918b-43f8b2f94b89",
  "jobDisplayName": "deploy",
  "jobName": "__default",
  "requestId": 9,
  "lockedUntil": "0001-01-01T00:00:00",
  "resources": {
    "endpoints": [
      {
        "data": {
          "ServerId": "0d00b08b-f39c-4d90-8f0e-caee5df31960",
          "ServerName": "hdNHEu0sfqqgx7Nr29BrOialpboOVIAqWjiEvo0RHIHrFAd8PX",
          "CacheServerUrl": "https://artifactcache.actions.githubusercontent.com/hdNHEu0sfqqgx7Nr29BrOialpboOVIAqWjiEvo0RHIHrFAd8PX/"
        },
        "name": "SystemVssConnection",
        "url": "https://pipelines.actions.githubusercontent.com/hdNHEu0sfqqgx7Nr29BrOialpboOVIAqWjiEvo0RHIHrFAd8PX/",
        "authorization": {
          "parameters": {
            "AccessToken": ***
          },
          "scheme": "OAuth"
        },
        "isShared": false,
        "isReady": true
      }
    ]
  },
  "contextData": {
    "github": {
      "t": 2,
      "d": [
        {
          "k": "ref",
          "v": "refs/heads/main"
        },
        {
          "k": "sha",
          "v": "091bcd4a46a2b250dba199bcbe96c8e695eaa708"
        },
        {
          "k": "repository",
          "v": "SiemensIndustrialEdgeITA/CI_CD_GitHubActions_ExampleApp"
        },
        {
          "k": "repository_owner",
          "v": "SiemensIndustrialEdgeITA"
        },
        {
          "k": "repositoryUrl",
          "v": "git://github.com/SiemensIndustrialEdgeITA/CI_CD_GitHubActions_ExampleApp.git"
        },
        {
          "k": "run_id",
          "v": "827884886"
        },
        {
          "k": "run_number",
          "v": "5"
        },
        {
          "k": "retention_days",
          "v": "90"
        },
        {
          "k": "actor",
          "v": "davimaf"
        },
        {
          "k": "workflow",
          "v": "CI"
        },
        {
          "k": "head_ref",
          "v": ""
        },
        {
          "k": "base_ref",
          "v": ""
        },
        {
          "k": "event_name",
          "v": "push"
        },
        {
          "k": "event",
          "v": {
            "t": 2,
            "d": [
              {
                "k": "after",
                "v": "091bcd4a46a2b250dba199bcbe96c8e695eaa708"
              },
              {
                "k": "base_ref",
                "v": null
              },
              {
                "k": "before",
                "v": "58a4818e5284786cd6ae869e207d9b5275f82f09"
              },
              {
                "k": "commits",
                "v": {
                  "t": 1,
                  "a": [
                    {
                      "t": 2,
                      "d": [
                        {
                          "k": "author",
                          "v": {
                            "t": 2,
                            "d": [
                              {
                                "k": "email",
                                "v": "davideluca.maffei@hotmail.it"
                              },
                              {
                                "k": "name",
                                "v": "davimaf"
                              },
                              {
                                "k": "username",
                                "v": "davimaf"
                              }
                            ]
                          }
                        },
                        {
                          "k": "committer",
                          "v": {
                            "t": 2,
                            "d": [
                              {
                                "k": "email",
                                "v": "davideluca.maffei@hotmail.it"
                              },
                              {
                                "k": "name",
                                "v": "davimaf"
                              },
                              {
                                "k": "username",
                                "v": "davimaf"
                              }
                            ]
                          }
                        },
                        {
                          "k": "distinct",
                          "v": true
                        },
                        {
                          "k": "id",
                          "v": "091bcd4a46a2b250dba199bcbe96c8e695eaa708"
                        },
                        {
                          "k": "message",
                          "v": "Updated to vm runner"
                        },
                        {
                          "k": "timestamp",
                          "v": "2021-05-10T13:40:20+02:00"
                        },
                        {
                          "k": "tree_id",
                          "v": "523adf35240281b07bd9fb894f84085d766681e9"
                        },
                        {
                          "k": "url",
                          "v": "https://github.com/SiemensIndustrialEdgeITA/CI_CD_GitHubActions_ExampleApp/commit/091bcd4a46a2b250dba199bcbe96c8e695eaa708"
                        }
                      ]
                    }
                  ]
                }
              },
              {
                "k": "compare",
                "v": "https://github.com/SiemensIndustrialEdgeITA/CI_CD_GitHubActions_ExampleApp/compare/58a4818e5284...091bcd4a46a2"
              },
              {
                "k": "created",
                "v": false
              },
              {
                "k": "deleted",
                "v": false
              },
              {
                "k": "forced",
                "v": false
              },
              {
                "k": "head_commit",
                "v": {
                  "t": 2,
                  "d": [
                    {
                      "k": "author",
                      "v": {
                        "t": 2,
                        "d": [
                          {
                            "k": "email",
                            "v": "davideluca.maffei@hotmail.it"
                          },
                          {
                            "k": "name",
                            "v": "davimaf"
                          },
                          {
                            "k": "username",
                            "v": "davimaf"
                          }
                        ]
                      }
                    },
                    {
                      "k": "committer",
                      "v": {
                        "t": 2,
                        "d": [
                          {
                            "k": "email",
                            "v": "davideluca.maffei@hotmail.it"
                          },
                          {
                            "k": "name",
                            "v": "davimaf"
                          },
                          {
                            "k": "username",
                            "v": "davimaf"
                          }
                        ]
                      }
                    },
                    {
                      "k": "distinct",
                      "v": true
                    },
                    {
                      "k": "id",
                      "v": "091bcd4a46a2b250dba199bcbe96c8e695eaa708"
                    },
                    {
                      "k": "message",
                      "v": "Updated to vm runner"
                    },
                    {
                      "k": "timestamp",
                      "v": "2021-05-10T13:40:20+02:00"
                    },
                    {
                      "k": "tree_id",
                      "v": "523adf35240281b07bd9fb894f84085d766681e9"
                    },
                    {
                      "k": "url",
                      "v": "https://github.com/SiemensIndustrialEdgeITA/CI_CD_GitHubActions_ExampleApp/commit/091bcd4a46a2b250dba199bcbe96c8e695eaa708"
                    }
                  ]
                }
              },
              {
                "k": "organization",
                "v": {
                  "t": 2,
                  "d": [
                    {
                      "k": "avatar_url",
                      "v": "https://avatars.githubusercontent.com/u/75785407?v=4"
                    },
                    {
                      "k": "description",
                      "v": ""
                    },
                    {
                      "k": "events_url",
                      "v": "https://api.github.com/orgs/SiemensIndustrialEdgeITA/events"
                    },
                    {
                      "k": "hooks_url",
                      "v": "https://api.github.com/orgs/SiemensIndustrialEdgeITA/hooks"
                    },
                    {
                      "k": "id",
                      "v": 75785407.0
                    },
                    {
                      "k": "issues_url",
                      "v": "https://api.github.com/orgs/SiemensIndustrialEdgeITA/issues"
                    },
                    {
                      "k": "login",
                      "v": "SiemensIndustrialEdgeITA"
                    },
                    {
                      "k": "members_url",
                      "v": "https://api.github.com/orgs/SiemensIndustrialEdgeITA/members{/member}"
                    },
                    {
                      "k": "node_id",
                      "v": "MDEyOk9yZ2FuaXphdGlvbjc1Nzg1NDA3"
                    },
                    {
                      "k": "public_members_url",
                      "v": "https://api.github.com/orgs/SiemensIndustrialEdgeITA/public_members{/member}"
                    },
                    {
                      "k": "repos_url",
                      "v": "https://api.github.com/orgs/SiemensIndustrialEdgeITA/repos"
                    },
                    {
                      "k": "url",
                      "v": "https://api.github.com/orgs/SiemensIndustrialEdgeITA"
                    }
                  ]
                }
              },
              {
                "k": "pusher",
                "v": {
                  "t": 2,
                  "d": [
                    {
                      "k": "email",
                      "v": "34356442+davimaf@users.noreply.github.com"
                    },
                    {
                      "k": "name",
                      "v": "davimaf"
                    }
                  ]
                }
              },
              {
                "k": "ref",
                "v": "refs/heads/main"
              },
              {
                "k": "repository",
                "v": {
                  "t": 2,
                  "d": [
                    {
                      "k": "archive_url",
                      "v": "https://api.github.com/repos/SiemensIndustrialEdgeITA/CI_CD_GitHubActions_ExampleApp/{archive_format}{/ref}"
                    },
                    {
                      "k": "archived",
                      "v": false
                    },
                    {
                      "k": "assignees_url",
                      "v": "https://api.github.com/repos/SiemensIndustrialEdgeITA/CI_CD_GitHubActions_ExampleApp/assignees{/user}"
                    },
                    {
                      "k": "blobs_url",
                      "v": "https://api.github.com/repos/SiemensIndustrialEdgeITA/CI_CD_GitHubActions_ExampleApp/git/blobs{/sha}"
                    },
                    {
                      "k": "branches_url",
                      "v": "https://api.github.com/repos/SiemensIndustrialEdgeITA/CI_CD_GitHubActions_ExampleApp/branches{/branch}"
                    },
                    {
                      "k": "clone_url",
                      "v": "https://github.com/SiemensIndustrialEdgeITA/CI_CD_GitHubActions_ExampleApp.git"
                    },
                    {
                      "k": "collaborators_url",
                      "v": "https://api.github.com/repos/SiemensIndustrialEdgeITA/CI_CD_GitHubActions_ExampleApp/collaborators{/collaborator}"
                    },
                    {
                      "k": "comments_url",
                      "v": "https://api.github.com/repos/SiemensIndustrialEdgeITA/CI_CD_GitHubActions_ExampleApp/comments{/number}"
                    },
                    {
                      "k": "commits_url",
                      "v": "https://api.github.com/repos/SiemensIndustrialEdgeITA/CI_CD_GitHubActions_ExampleApp/commits{/sha}"
                    },
                    {
                      "k": "compare_url",
                      "v": "https://api.github.com/repos/SiemensIndustrialEdgeITA/CI_CD_GitHubActions_ExampleApp/compare/{base}...{head}"
                    },
                    {
                      "k": "contents_url",
                      "v": "https://api.github.com/repos/SiemensIndustrialEdgeITA/CI_CD_GitHubActions_ExampleApp/contents/{+path}"
                    },
                    {
                      "k": "contributors_url",
                      "v": "https://api.github.com/repos/SiemensIndustrialEdgeITA/CI_CD_GitHubActions_ExampleApp/contributors"
                    },
                    {
                      "k": "created_at",
                      "v": 1618905903.0
                    },
                    {
                      "k": "default_branch",
                      "v": "main"
                    },
                    {
                      "k": "deployments_url",
                      "v": "https://api.github.com/repos/SiemensIndustrialEdgeITA/CI_CD_GitHubActions_ExampleApp/deployments"
                    },
                    {
                      "k": "description",
                      "v": "Example app for demonstrating how to implement CI/CD Pipelines in GitHub Actions to automatically deploy new source code commits to an Industrial Edge Applications"
                    },
                    {
                      "k": "disabled",
                      "v": false
                    },
                    {
                      "k": "downloads_url",
                      "v": "https://api.github.com/repos/SiemensIndustrialEdgeITA/CI_CD_GitHubActions_ExampleApp/downloads"
                    },
                    {
                      "k": "events_url",
                      "v": "https://api.github.com/repos/SiemensIndustrialEdgeITA/CI_CD_GitHubActions_ExampleApp/events"
                    },
                    {
                      "k": "fork",
                      "v": false
                    },
                    {
                      "k": "forks",
                      "v": 0.0
                    },
                    {
                      "k": "forks_count",
                      "v": 0.0
                    },
                    {
                      "k": "forks_url",
                      "v": "https://api.github.com/repos/SiemensIndustrialEdgeITA/CI_CD_GitHubActions_ExampleApp/forks"
                    },
                    {
                      "k": "full_name",
                      "v": "SiemensIndustrialEdgeITA/CI_CD_GitHubActions_ExampleApp"
                    },
                    {
                      "k": "git_commits_url",
                      "v": "https://api.github.com/repos/SiemensIndustrialEdgeITA/CI_CD_GitHubActions_ExampleApp/git/commits{/sha}"
                    },
                    {
                      "k": "git_refs_url",
                      "v": "https://api.github.com/repos/SiemensIndustrialEdgeITA/CI_CD_GitHubActions_ExampleApp/git/refs{/sha}"
                    },
                    {
                      "k": "git_tags_url",
                      "v": "https://api.github.com/repos/SiemensIndustrialEdgeITA/CI_CD_GitHubActions_ExampleApp/git/tags{/sha}"
                    },
                    {
                      "k": "git_url",
                      "v": "git://github.com/SiemensIndustrialEdgeITA/CI_CD_GitHubActions_ExampleApp.git"
                    },
                    {
                      "k": "has_downloads",
                      "v": true
                    },
                    {
                      "k": "has_issues",
                      "v": true
                    },
                    {
                      "k": "has_pages",
                      "v": false
                    },
                    {
                      "k": "has_projects",
                      "v": true
                    },
                    {
                      "k": "has_wiki",
                      "v": true
                    },
                    {
                      "k": "homepage",
                      "v": null
                    },
                    {
                      "k": "hooks_url",
                      "v": "https://api.github.com/repos/SiemensIndustrialEdgeITA/CI_CD_GitHubActions_ExampleApp/hooks"
                    },
                    {
                      "k": "html_url",
                      "v": "https://github.com/SiemensIndustrialEdgeITA/CI_CD_GitHubActions_ExampleApp"
                    },
                    {
                      "k": "id",
                      "v": 359733931.0
                    },
                    {
                      "k": "issue_comment_url",
                      "v": "https://api.github.com/repos/SiemensIndustrialEdgeITA/CI_CD_GitHubActions_ExampleApp/issues/comments{/number}"
                    },
                    {
                      "k": "issue_events_url",
                      "v": "https://api.github.com/repos/SiemensIndustrialEdgeITA/CI_CD_GitHubActions_ExampleApp/issues/events{/number}"
                    },
                    {
                      "k": "issues_url",
                      "v": "https://api.github.com/repos/SiemensIndustrialEdgeITA/CI_CD_GitHubActions_ExampleApp/issues{/number}"
                    },
                    {
                      "k": "keys_url",
                      "v": "https://api.github.com/repos/SiemensIndustrialEdgeITA/CI_CD_GitHubActions_ExampleApp/keys{/key_id}"
                    },
                    {
                      "k": "labels_url",
                      "v": "https://api.github.com/repos/SiemensIndustrialEdgeITA/CI_CD_GitHubActions_ExampleApp/labels{/name}"
                    },
                    {
                      "k": "language",
                      "v": "Python"
                    },
                    {
                      "k": "languages_url",
                      "v": "https://api.github.com/repos/SiemensIndustrialEdgeITA/CI_CD_GitHubActions_ExampleApp/languages"
                    },
                    {
                      "k": "license",
                      "v": {
                        "t": 2,
                        "d": [
                          {
                            "k": "key",
                            "v": "mit"
                          },
                          {
                            "k": "name",
                            "v": "MIT License"
                          },
                          {
                            "k": "node_id",
                            "v": "MDc6TGljZW5zZTEz"
                          },
                          {
                            "k": "spdx_id",
                            "v": "MIT"
                          },
                          {
                            "k": "url",
                            "v": "https://api.github.com/licenses/mit"
                          }
                        ]
                      }
                    },
                    {
                      "k": "master_branch",
                      "v": "main"
                    },
                    {
                      "k": "merges_url",
                      "v": "https://api.github.com/repos/SiemensIndustrialEdgeITA/CI_CD_GitHubActions_ExampleApp/merges"
                    },
                    {
                      "k": "milestones_url",
                      "v": "https://api.github.com/repos/SiemensIndustrialEdgeITA/CI_CD_GitHubActions_ExampleApp/milestones{/number}"
                    },
                    {
                      "k": "mirror_url",
                      "v": null
                    },
                    {
                      "k": "name",
                      "v": "CI_CD_GitHubActions_ExampleApp"
                    },
                    {
                      "k": "node_id",
                      "v": "MDEwOlJlcG9zaXRvcnkzNTk3MzM5MzE="
                    },
                    {
                      "k": "notifications_url",
                      "v": "https://api.github.com/repos/SiemensIndustrialEdgeITA/CI_CD_GitHubActions_ExampleApp/notifications{?since,all,participating}"
                    },
                    {
                      "k": "open_issues",
                      "v": 0.0
                    },
                    {
                      "k": "open_issues_count",
                      "v": 0.0
                    },
                    {
                      "k": "organization",
                      "v": "SiemensIndustrialEdgeITA"
                    },
                    {
                      "k": "owner",
                      "v": {
                        "t": 2,
                        "d": [
                          {
                            "k": "avatar_url",
                            "v": "https://avatars.githubusercontent.com/u/75785407?v=4"
                          },
                          {
                            "k": "email",
                            "v": null
                          },
                          {
                            "k": "events_url",
                            "v": "https://api.github.com/users/SiemensIndustrialEdgeITA/events{/privacy}"
                          },
                          {
                            "k": "followers_url",
                            "v": "https://api.github.com/users/SiemensIndustrialEdgeITA/followers"
                          },
                          {
                            "k": "following_url",
                            "v": "https://api.github.com/users/SiemensIndustrialEdgeITA/following{/other_user}"
                          },
                          {
                            "k": "gists_url",
                            "v": "https://api.github.com/users/SiemensIndustrialEdgeITA/gists{/gist_id}"
                          },
                          {
                            "k": "gravatar_id",
                            "v": ""
                          },
                          {
                            "k": "html_url",
                            "v": "https://github.com/SiemensIndustrialEdgeITA"
                          },
                          {
                            "k": "id",
                            "v": 75785407.0
                          },
                          {
                            "k": "login",
                            "v": "SiemensIndustrialEdgeITA"
                          },
                          {
                            "k": "name",
                            "v": "SiemensIndustrialEdgeITA"
                          },
                          {
                            "k": "node_id",
                            "v": "MDEyOk9yZ2FuaXphdGlvbjc1Nzg1NDA3"
                          },
                          {
                            "k": "organizations_url",
                            "v": "https://api.github.com/users/SiemensIndustrialEdgeITA/orgs"
                          },
                          {
                            "k": "received_events_url",
                            "v": "https://api.github.com/users/SiemensIndustrialEdgeITA/received_events"
                          },
                          {
                            "k": "repos_url",
                            "v": "https://api.github.com/users/SiemensIndustrialEdgeITA/repos"
                          },
                          {
                            "k": "site_admin",
                            "v": false
                          },
                          {
                            "k": "starred_url",
                            "v": "https://api.github.com/users/SiemensIndustrialEdgeITA/starred{/owner}{/repo}"
                          },
                          {
                            "k": "subscriptions_url",
                            "v": "https://api.github.com/users/SiemensIndustrialEdgeITA/subscriptions"
                          },
                          {
                            "k": "type",
                            "v": "Organization"
                          },
                          {
                            "k": "url",
                            "v": "https://api.github.com/users/SiemensIndustrialEdgeITA"
                          }
                        ]
                      }
                    },
                    {
                      "k": "private",
                      "v": false
                    },
                    {
                      "k": "pulls_url",
                      "v": "https://api.github.com/repos/SiemensIndustrialEdgeITA/CI_CD_GitHubActions_ExampleApp/pulls{/number}"
                    },
                    {
                      "k": "pushed_at",
                      "v": 1620646914.0
                    },
                    {
                      "k": "releases_url",
                      "v": "https://api.github.com/repos/SiemensIndustrialEdgeITA/CI_CD_GitHubActions_ExampleApp/releases{/id}"
                    },
                    {
                      "k": "size",
                      "v": 19689.0
                    },
                    {
                      "k": "ssh_url",
                      "v": "git@github.com:SiemensIndustrialEdgeITA/CI_CD_GitHubActions_ExampleApp.git"
                    },
                    {
                      "k": "stargazers",
                      "v": 0.0
                    },
                    {
                      "k": "stargazers_count",
                      "v": 0.0
                    },
                    {
                      "k": "stargazers_url",
                      "v": "https://api.github.com/repos/SiemensIndustrialEdgeITA/CI_CD_GitHubActions_ExampleApp/stargazers"
                    },
                    {
                      "k": "statuses_url",
                      "v": "https://api.github.com/repos/SiemensIndustrialEdgeITA/CI_CD_GitHubActions_ExampleApp/statuses/{sha}"
                    },
                    {
                      "k": "subscribers_url",
                      "v": "https://api.github.com/repos/SiemensIndustrialEdgeITA/CI_CD_GitHubActions_ExampleApp/subscribers"
                    },
                    {
                      "k": "subscription_url",
                      "v": "https://api.github.com/repos/SiemensIndustrialEdgeITA/CI_CD_GitHubActions_ExampleApp/subscription"
                    },
                    {
                      "k": "svn_url",
                      "v": "https://github.com/SiemensIndustrialEdgeITA/CI_CD_GitHubActions_ExampleApp"
                    },
                    {
                      "k": "tags_url",
                      "v": "https://api.github.com/repos/SiemensIndustrialEdgeITA/CI_CD_GitHubActions_ExampleApp/tags"
                    },
                    {
                      "k": "teams_url",
                      "v": "https://api.github.com/repos/SiemensIndustrialEdgeITA/CI_CD_GitHubActions_ExampleApp/teams"
                    },
                    {
                      "k": "trees_url",
                      "v": "https://api.github.com/repos/SiemensIndustrialEdgeITA/CI_CD_GitHubActions_ExampleApp/git/trees{/sha}"
                    },
                    {
                      "k": "updated_at",
                      "v": "2021-05-10T11:18:22Z"
                    },
                    {
                      "k": "url",
                      "v": "https://github.com/SiemensIndustrialEdgeITA/CI_CD_GitHubActions_ExampleApp"
                    },
                    {
                      "k": "watchers",
                      "v": 0.0
                    },
                    {
                      "k": "watchers_count",
                      "v": 0.0
                    }
                  ]
                }
              },
              {
                "k": "sender",
                "v": {
                  "t": 2,
                  "d": [
                    {
                      "k": "avatar_url",
                      "v": "https://avatars.githubusercontent.com/u/34356442?v=4"
                    },
                    {
                      "k": "events_url",
                      "v": "https://api.github.com/users/davimaf/events{/privacy}"
                    },
                    {
                      "k": "followers_url",
                      "v": "https://api.github.com/users/davimaf/followers"
                    },
                    {
                      "k": "following_url",
                      "v": "https://api.github.com/users/davimaf/following{/other_user}"
                    },
                    {
                      "k": "gists_url",
                      "v": "https://api.github.com/users/davimaf/gists{/gist_id}"
                    },
                    {
                      "k": "gravatar_id",
                      "v": ""
                    },
                    {
                      "k": "html_url",
                      "v": "https://github.com/davimaf"
                    },
                    {
                      "k": "id",
                      "v": 34356442.0
                    },
                    {
                      "k": "login",
                      "v": "davimaf"
                    },
                    {
                      "k": "node_id",
                      "v": "MDQ6VXNlcjM0MzU2NDQy"
                    },
                    {
                      "k": "organizations_url",
                      "v": "https://api.github.com/users/davimaf/orgs"
                    },
                    {
                      "k": "received_events_url",
                      "v": "https://api.github.com/users/davimaf/received_events"
                    },
                    {
                      "k": "repos_url",
                      "v": "https://api.github.com/users/davimaf/repos"
                    },
                    {
                      "k": "site_admin",
                      "v": false
                    },
                    {
                      "k": "starred_url",
                      "v": "https://api.github.com/users/davimaf/starred{/owner}{/repo}"
                    },
                    {
                      "k": "subscriptions_url",
                      "v": "https://api.github.com/users/davimaf/subscriptions"
                    },
                    {
                      "k": "type",
                      "v": "User"
                    },
                    {
                      "k": "url",
                      "v": "https://api.github.com/users/davimaf"
                    }
                  ]
                }
              }
            ]
          }
        },
        {
          "k": "server_url",
          "v": "https://github.com"
        },
        {
          "k": "api_url",
          "v": "https://api.github.com"
        },
        {
          "k": "graphql_url",
          "v": "https://api.github.com/graphql"
        }
      ]
    },
    "needs": {
      "t": 2,
      "d": [
        {
          "k": "build",
          "v": {
            "t": 2,
            "d": [
              {
                "k": "result",
                "v": "success"
              },
              {
                "k": "outputs",
                "v": {
                  "t": 2
                }
              }
            ]
          }
        }
      ]
    },
    "matrix": null,
    "strategy": {
      "t": 2,
      "d": [
        {
          "k": "fail-fast",
          "v": true
        },
        {
          "k": "job-index",
          "v": 0.0
        },
        {
          "k": "job-total",
          "v": 1.0
        },
        {
          "k": "max-parallel",
          "v": 1.0
        }
      ]
    }
  }
}
[2021-05-10 11:42:49Z INFO JobRunner] Job ID e07742bd-189a-5079-918b-43f8b2f94b89
[2021-05-10 11:42:49Z INFO JobRunner] Creating job server with URL: https://pipelines.actions.githubusercontent.com/hdNHEu0sfqqgx7Nr29BrOialpboOVIAqWjiEvo0RHIHrFAd8PX/
[2021-05-10 11:42:49Z INFO GitHubActionsService] Starting operation Location.GetConnectionData
[2021-05-10 11:42:49Z INFO Worker] Listening for cancel message from the channel.
[2021-05-10 11:42:49Z INFO Worker] Waiting for the job to complete or for a cancel message from the channel.
[2021-05-10 11:42:50Z INFO GitHubActionsService] Finished operation Location.GetConnectionData
[2021-05-10 11:42:50Z INFO JobServerQueue] Start process web console line queue.
[2021-05-10 11:42:50Z INFO JobServerQueue] Start process file upload queue.
[2021-05-10 11:42:50Z INFO JobServerQueue] Start process timeline update queue.
[2021-05-10 11:42:50Z INFO ExecutionContext] Initialize GitHub context
[2021-05-10 11:42:50Z INFO ExecutionContext] Initialize Env context
[2021-05-10 11:42:50Z INFO ConfigurationStore] currentAssemblyLocation: /home/edge/Desktop/Workshop_Siemens_IE_App_Development_2021_05_10/CI_CD_GitHubActions_ExampleApp/CI_CD/actions-runner/bin/Runner.Worker.dll
[2021-05-10 11:42:50Z INFO HostContext] Well known directory 'Bin': '/home/edge/Desktop/Workshop_Siemens_IE_App_Development_2021_05_10/CI_CD_GitHubActions_ExampleApp/CI_CD/actions-runner/bin'
[2021-05-10 11:42:50Z INFO ConfigurationStore] binPath: /home/edge/Desktop/Workshop_Siemens_IE_App_Development_2021_05_10/CI_CD_GitHubActions_ExampleApp/CI_CD/actions-runner/bin
[2021-05-10 11:42:50Z INFO HostContext] Well known directory 'Bin': '/home/edge/Desktop/Workshop_Siemens_IE_App_Development_2021_05_10/CI_CD_GitHubActions_ExampleApp/CI_CD/actions-runner/bin'
[2021-05-10 11:42:50Z INFO HostContext] Well known directory 'Root': '/home/edge/Desktop/Workshop_Siemens_IE_App_Development_2021_05_10/CI_CD_GitHubActions_ExampleApp/CI_CD/actions-runner'
[2021-05-10 11:42:50Z INFO ConfigurationStore] RootFolder: /home/edge/Desktop/Workshop_Siemens_IE_App_Development_2021_05_10/CI_CD_GitHubActions_ExampleApp/CI_CD/actions-runner
[2021-05-10 11:42:50Z INFO HostContext] Well known directory 'Bin': '/home/edge/Desktop/Workshop_Siemens_IE_App_Development_2021_05_10/CI_CD_GitHubActions_ExampleApp/CI_CD/actions-runner/bin'
[2021-05-10 11:42:50Z INFO HostContext] Well known directory 'Root': '/home/edge/Desktop/Workshop_Siemens_IE_App_Development_2021_05_10/CI_CD_GitHubActions_ExampleApp/CI_CD/actions-runner'
[2021-05-10 11:42:50Z INFO HostContext] Well known config file 'Runner': '/home/edge/Desktop/Workshop_Siemens_IE_App_Development_2021_05_10/CI_CD_GitHubActions_ExampleApp/CI_CD/actions-runner/.runner'
[2021-05-10 11:42:50Z INFO ConfigurationStore] ConfigFilePath: /home/edge/Desktop/Workshop_Siemens_IE_App_Development_2021_05_10/CI_CD_GitHubActions_ExampleApp/CI_CD/actions-runner/.runner
[2021-05-10 11:42:50Z INFO HostContext] Well known directory 'Bin': '/home/edge/Desktop/Workshop_Siemens_IE_App_Development_2021_05_10/CI_CD_GitHubActions_ExampleApp/CI_CD/actions-runner/bin'
[2021-05-10 11:42:50Z INFO HostContext] Well known directory 'Root': '/home/edge/Desktop/Workshop_Siemens_IE_App_Development_2021_05_10/CI_CD_GitHubActions_ExampleApp/CI_CD/actions-runner'
[2021-05-10 11:42:50Z INFO HostContext] Well known config file 'Credentials': '/home/edge/Desktop/Workshop_Siemens_IE_App_Development_2021_05_10/CI_CD_GitHubActions_ExampleApp/CI_CD/actions-runner/.credentials'
[2021-05-10 11:42:50Z INFO ConfigurationStore] CredFilePath: /home/edge/Desktop/Workshop_Siemens_IE_App_Development_2021_05_10/CI_CD_GitHubActions_ExampleApp/CI_CD/actions-runner/.credentials
[2021-05-10 11:42:50Z INFO HostContext] Well known directory 'Bin': '/home/edge/Desktop/Workshop_Siemens_IE_App_Development_2021_05_10/CI_CD_GitHubActions_ExampleApp/CI_CD/actions-runner/bin'
[2021-05-10 11:42:50Z INFO HostContext] Well known directory 'Root': '/home/edge/Desktop/Workshop_Siemens_IE_App_Development_2021_05_10/CI_CD_GitHubActions_ExampleApp/CI_CD/actions-runner'
[2021-05-10 11:42:50Z INFO HostContext] Well known config file 'MigratedCredentials': '/home/edge/Desktop/Workshop_Siemens_IE_App_Development_2021_05_10/CI_CD_GitHubActions_ExampleApp/CI_CD/actions-runner/.credentials_migrated'
[2021-05-10 11:42:50Z INFO ConfigurationStore] MigratedCredFilePath: /home/edge/Desktop/Workshop_Siemens_IE_App_Development_2021_05_10/CI_CD_GitHubActions_ExampleApp/CI_CD/actions-runner/.credentials_migrated
[2021-05-10 11:42:50Z INFO HostContext] Well known directory 'Bin': '/home/edge/Desktop/Workshop_Siemens_IE_App_Development_2021_05_10/CI_CD_GitHubActions_ExampleApp/CI_CD/actions-runner/bin'
[2021-05-10 11:42:50Z INFO HostContext] Well known directory 'Root': '/home/edge/Desktop/Workshop_Siemens_IE_App_Development_2021_05_10/CI_CD_GitHubActions_ExampleApp/CI_CD/actions-runner'
[2021-05-10 11:42:50Z INFO HostContext] Well known config file 'Service': '/home/edge/Desktop/Workshop_Siemens_IE_App_Development_2021_05_10/CI_CD_GitHubActions_ExampleApp/CI_CD/actions-runner/.service'
[2021-05-10 11:42:50Z INFO ConfigurationStore] ServiceConfigFilePath: /home/edge/Desktop/Workshop_Siemens_IE_App_Development_2021_05_10/CI_CD_GitHubActions_ExampleApp/CI_CD/actions-runner/.service
[2021-05-10 11:42:50Z INFO ConfigurationStore] Read setting file: 318 chars
[2021-05-10 11:42:50Z INFO HostContext] Well known directory 'Bin': '/home/edge/Desktop/Workshop_Siemens_IE_App_Development_2021_05_10/CI_CD_GitHubActions_ExampleApp/CI_CD/actions-runner/bin'
[2021-05-10 11:42:50Z INFO HostContext] Well known directory 'Root': '/home/edge/Desktop/Workshop_Siemens_IE_App_Development_2021_05_10/CI_CD_GitHubActions_ExampleApp/CI_CD/actions-runner'
[2021-05-10 11:42:50Z INFO HostContext] Well known directory 'Diag': '/home/edge/Desktop/Workshop_Siemens_IE_App_Development_2021_05_10/CI_CD_GitHubActions_ExampleApp/CI_CD/actions-runner/_diag'
[2021-05-10 11:42:50Z INFO JobRunner] Starting the job execution context.
[2021-05-10 11:42:50Z INFO HostContext] Well known directory 'Bin': '/home/edge/Desktop/Workshop_Siemens_IE_App_Development_2021_05_10/CI_CD_GitHubActions_ExampleApp/CI_CD/actions-runner/bin'
[2021-05-10 11:42:50Z INFO HostContext] Well known directory 'Root': '/home/edge/Desktop/Workshop_Siemens_IE_App_Development_2021_05_10/CI_CD_GitHubActions_ExampleApp/CI_CD/actions-runner'
[2021-05-10 11:42:50Z INFO HostContext] Well known directory 'Work': '/home/edge/Desktop/Workshop_Siemens_IE_App_Development_2021_05_10/CI_CD_GitHubActions_ExampleApp/CI_CD/actions-runner/_work'
[2021-05-10 11:42:50Z INFO JobRunner] Validating directory permissions for: '/home/edge/Desktop/Workshop_Siemens_IE_App_Development_2021_05_10/CI_CD_GitHubActions_ExampleApp/CI_CD/actions-runner/_work'
[2021-05-10 11:42:50Z INFO HostContext] Well known directory 'Bin': '/home/edge/Desktop/Workshop_Siemens_IE_App_Development_2021_05_10/CI_CD_GitHubActions_ExampleApp/CI_CD/actions-runner/bin'
[2021-05-10 11:42:50Z INFO HostContext] Well known directory 'Root': '/home/edge/Desktop/Workshop_Siemens_IE_App_Development_2021_05_10/CI_CD_GitHubActions_ExampleApp/CI_CD/actions-runner'
[2021-05-10 11:42:50Z INFO HostContext] Well known directory 'Work': '/home/edge/Desktop/Workshop_Siemens_IE_App_Development_2021_05_10/CI_CD_GitHubActions_ExampleApp/CI_CD/actions-runner/_work'
[2021-05-10 11:42:50Z INFO HostContext] Well known directory 'Tools': '/home/edge/Desktop/Workshop_Siemens_IE_App_Development_2021_05_10/CI_CD_GitHubActions_ExampleApp/CI_CD/actions-runner/_work/_tool'
[2021-05-10 11:42:50Z INFO HostContext] Well known directory 'Bin': '/home/edge/Desktop/Workshop_Siemens_IE_App_Development_2021_05_10/CI_CD_GitHubActions_ExampleApp/CI_CD/actions-runner/bin'
[2021-05-10 11:42:50Z INFO HostContext] Well known directory 'Root': '/home/edge/Desktop/Workshop_Siemens_IE_App_Development_2021_05_10/CI_CD_GitHubActions_ExampleApp/CI_CD/actions-runner'
[2021-05-10 11:42:50Z INFO HostContext] Well known directory 'Work': '/home/edge/Desktop/Workshop_Siemens_IE_App_Development_2021_05_10/CI_CD_GitHubActions_ExampleApp/CI_CD/actions-runner/_work'
[2021-05-10 11:42:50Z INFO HostContext] Well known directory 'Temp': '/home/edge/Desktop/Workshop_Siemens_IE_App_Development_2021_05_10/CI_CD_GitHubActions_ExampleApp/CI_CD/actions-runner/_work/_temp'
[2021-05-10 11:42:50Z INFO JobRunner] Getting job extension.
[2021-05-10 11:42:50Z INFO JobRunner] Initialize job. Getting all job steps.
[2021-05-10 11:42:50Z INFO HostContext] Well known directory 'Bin': '/home/edge/Desktop/Workshop_Siemens_IE_App_Development_2021_05_10/CI_CD_GitHubActions_ExampleApp/CI_CD/actions-runner/bin'
[2021-05-10 11:42:50Z INFO HostContext] Well known directory 'Root': '/home/edge/Desktop/Workshop_Siemens_IE_App_Development_2021_05_10/CI_CD_GitHubActions_ExampleApp/CI_CD/actions-runner'
[2021-05-10 11:42:50Z INFO HostContext] Well known directory 'Diag': '/home/edge/Desktop/Workshop_Siemens_IE_App_Development_2021_05_10/CI_CD_GitHubActions_ExampleApp/CI_CD/actions-runner/_diag'
[2021-05-10 11:42:50Z INFO HostContext] Well known directory 'Bin': '/home/edge/Desktop/Workshop_Siemens_IE_App_Development_2021_05_10/CI_CD_GitHubActions_ExampleApp/CI_CD/actions-runner/bin'
[2021-05-10 11:42:50Z INFO HostContext] Well known directory 'Root': '/home/edge/Desktop/Workshop_Siemens_IE_App_Development_2021_05_10/CI_CD_GitHubActions_ExampleApp/CI_CD/actions-runner'
[2021-05-10 11:42:50Z INFO HostContext] Well known config file 'Credentials': '/home/edge/Desktop/Workshop_Siemens_IE_App_Development_2021_05_10/CI_CD_GitHubActions_ExampleApp/CI_CD/actions-runner/.credentials'
[2021-05-10 11:42:50Z INFO HostContext] Well known directory 'Bin': '/home/edge/Desktop/Workshop_Siemens_IE_App_Development_2021_05_10/CI_CD_GitHubActions_ExampleApp/CI_CD/actions-runner/bin'
[2021-05-10 11:42:50Z INFO HostContext] Well known directory 'Root': '/home/edge/Desktop/Workshop_Siemens_IE_App_Development_2021_05_10/CI_CD_GitHubActions_ExampleApp/CI_CD/actions-runner'
[2021-05-10 11:42:50Z INFO HostContext] Well known config file 'SetupInfo': '/home/edge/Desktop/Workshop_Siemens_IE_App_Development_2021_05_10/CI_CD_GitHubActions_ExampleApp/CI_CD/actions-runner/.setup_info'
[2021-05-10 11:42:50Z INFO HostContext] Well known directory 'Bin': '/home/edge/Desktop/Workshop_Siemens_IE_App_Development_2021_05_10/CI_CD_GitHubActions_ExampleApp/CI_CD/actions-runner/bin'
[2021-05-10 11:42:50Z INFO HostContext] Well known directory 'Root': '/home/edge/Desktop/Workshop_Siemens_IE_App_Development_2021_05_10/CI_CD_GitHubActions_ExampleApp/CI_CD/actions-runner'
[2021-05-10 11:42:50Z INFO HostContext] Well known directory 'Work': '/home/edge/Desktop/Workshop_Siemens_IE_App_Development_2021_05_10/CI_CD_GitHubActions_ExampleApp/CI_CD/actions-runner/_work'
[2021-05-10 11:42:50Z INFO PipelineDirectoryManager] Loading tracking config if exists: /home/edge/Desktop/Workshop_Siemens_IE_App_Development_2021_05_10/CI_CD_GitHubActions_ExampleApp/CI_CD/actions-runner/_work/_PipelineMapping/SiemensIndustrialEdgeITA/CI_CD_GitHubActions_ExampleApp/PipelineFolder.json
[2021-05-10 11:42:50Z INFO PipelineDirectoryManager] Updating job run properties.
[2021-05-10 11:42:50Z INFO HostContext] Well known directory 'Bin': '/home/edge/Desktop/Workshop_Siemens_IE_App_Development_2021_05_10/CI_CD_GitHubActions_ExampleApp/CI_CD/actions-runner/bin'
[2021-05-10 11:42:50Z INFO HostContext] Well known directory 'Root': '/home/edge/Desktop/Workshop_Siemens_IE_App_Development_2021_05_10/CI_CD_GitHubActions_ExampleApp/CI_CD/actions-runner'
[2021-05-10 11:42:50Z INFO HostContext] Well known directory 'Work': '/home/edge/Desktop/Workshop_Siemens_IE_App_Development_2021_05_10/CI_CD_GitHubActions_ExampleApp/CI_CD/actions-runner/_work'
[2021-05-10 11:42:50Z INFO HostContext] Well known directory 'Bin': '/home/edge/Desktop/Workshop_Siemens_IE_App_Development_2021_05_10/CI_CD_GitHubActions_ExampleApp/CI_CD/actions-runner/bin'
[2021-05-10 11:42:50Z INFO HostContext] Well known directory 'Root': '/home/edge/Desktop/Workshop_Siemens_IE_App_Development_2021_05_10/CI_CD_GitHubActions_ExampleApp/CI_CD/actions-runner'
[2021-05-10 11:42:50Z INFO HostContext] Well known directory 'Work': '/home/edge/Desktop/Workshop_Siemens_IE_App_Development_2021_05_10/CI_CD_GitHubActions_ExampleApp/CI_CD/actions-runner/_work'
[2021-05-10 11:42:50Z INFO HostContext] Well known directory 'Bin': '/home/edge/Desktop/Workshop_Siemens_IE_App_Development_2021_05_10/CI_CD_GitHubActions_ExampleApp/CI_CD/actions-runner/bin'
[2021-05-10 11:42:50Z INFO HostContext] Well known directory 'Root': '/home/edge/Desktop/Workshop_Siemens_IE_App_Development_2021_05_10/CI_CD_GitHubActions_ExampleApp/CI_CD/actions-runner'
[2021-05-10 11:42:50Z INFO HostContext] Well known directory 'Work': '/home/edge/Desktop/Workshop_Siemens_IE_App_Development_2021_05_10/CI_CD_GitHubActions_ExampleApp/CI_CD/actions-runner/_work'
[2021-05-10 11:42:50Z INFO JobExtension] Downloading actions
[2021-05-10 11:42:50Z INFO HostContext] Well known directory 'Bin': '/home/edge/Desktop/Workshop_Siemens_IE_App_Development_2021_05_10/CI_CD_GitHubActions_ExampleApp/CI_CD/actions-runner/bin'
[2021-05-10 11:42:50Z INFO HostContext] Well known directory 'Root': '/home/edge/Desktop/Workshop_Siemens_IE_App_Development_2021_05_10/CI_CD_GitHubActions_ExampleApp/CI_CD/actions-runner'
[2021-05-10 11:42:50Z INFO HostContext] Well known directory 'Work': '/home/edge/Desktop/Workshop_Siemens_IE_App_Development_2021_05_10/CI_CD_GitHubActions_ExampleApp/CI_CD/actions-runner/_work'
[2021-05-10 11:42:50Z INFO HostContext] Well known directory 'Actions': '/home/edge/Desktop/Workshop_Siemens_IE_App_Development_2021_05_10/CI_CD_GitHubActions_ExampleApp/CI_CD/actions-runner/_work/_actions'
[2021-05-10 11:42:50Z INFO JobExtension] Adding .
[2021-05-10 11:42:50Z INFO JobExtension] Adding .
[2021-05-10 11:42:50Z INFO HostContext] Well known directory 'Bin': '/home/edge/Desktop/Workshop_Siemens_IE_App_Development_2021_05_10/CI_CD_GitHubActions_ExampleApp/CI_CD/actions-runner/bin'
[2021-05-10 11:42:50Z INFO HostContext] Well known directory 'Root': '/home/edge/Desktop/Workshop_Siemens_IE_App_Development_2021_05_10/CI_CD_GitHubActions_ExampleApp/CI_CD/actions-runner'
[2021-05-10 11:42:50Z INFO HostContext] Well known directory 'Diag': '/home/edge/Desktop/Workshop_Siemens_IE_App_Development_2021_05_10/CI_CD_GitHubActions_ExampleApp/CI_CD/actions-runner/_diag'
[2021-05-10 11:42:50Z INFO HostContext] Well known directory 'Bin': '/home/edge/Desktop/Workshop_Siemens_IE_App_Development_2021_05_10/CI_CD_GitHubActions_ExampleApp/CI_CD/actions-runner/bin'
[2021-05-10 11:42:50Z INFO HostContext] Well known directory 'Root': '/home/edge/Desktop/Workshop_Siemens_IE_App_Development_2021_05_10/CI_CD_GitHubActions_ExampleApp/CI_CD/actions-runner'
[2021-05-10 11:42:50Z INFO HostContext] Well known directory 'Diag': '/home/edge/Desktop/Workshop_Siemens_IE_App_Development_2021_05_10/CI_CD_GitHubActions_ExampleApp/CI_CD/actions-runner/_diag'
[2021-05-10 11:42:50Z INFO JobExtension] Total accessible running process: 316.
[2021-05-10 11:42:50Z INFO HostContext] Well known directory 'Bin': '/home/edge/Desktop/Workshop_Siemens_IE_App_Development_2021_05_10/CI_CD_GitHubActions_ExampleApp/CI_CD/actions-runner/bin'
[2021-05-10 11:42:50Z INFO HostContext] Well known directory 'Root': '/home/edge/Desktop/Workshop_Siemens_IE_App_Development_2021_05_10/CI_CD_GitHubActions_ExampleApp/CI_CD/actions-runner'
[2021-05-10 11:42:50Z INFO HostContext] Well known directory 'Work': '/home/edge/Desktop/Workshop_Siemens_IE_App_Development_2021_05_10/CI_CD_GitHubActions_ExampleApp/CI_CD/actions-runner/_work'
[2021-05-10 11:42:50Z INFO JobRunner] Total job steps: 2.
[2021-05-10 11:42:50Z INFO JobRunner] Run all job steps.
[2021-05-10 11:42:50Z INFO StepsRunner] Processing step: DisplayName='Initializing workspace'
[2021-05-10 11:42:50Z INFO StepsRunner] Initialize Env context for step
[2021-05-10 11:42:50Z INFO StepsRunner] Evaluating: success()
[2021-05-10 11:42:50Z INFO StepsRunner] Result: true
[2021-05-10 11:42:50Z INFO StepsRunner] Starting the step.
[2021-05-10 11:42:50Z INFO HostContext] Well known directory 'Bin': '/home/edge/Desktop/Workshop_Siemens_IE_App_Development_2021_05_10/CI_CD_GitHubActions_ExampleApp/CI_CD/actions-runner/bin'
[2021-05-10 11:42:50Z INFO HostContext] Well known directory 'Root': '/home/edge/Desktop/Workshop_Siemens_IE_App_Development_2021_05_10/CI_CD_GitHubActions_ExampleApp/CI_CD/actions-runner'
[2021-05-10 11:42:50Z INFO HostContext] Well known directory 'Work': '/home/edge/Desktop/Workshop_Siemens_IE_App_Development_2021_05_10/CI_CD_GitHubActions_ExampleApp/CI_CD/actions-runner/_work'
[2021-05-10 11:42:50Z INFO HostContext] Well known directory 'Temp': '/home/edge/Desktop/Workshop_Siemens_IE_App_Development_2021_05_10/CI_CD_GitHubActions_ExampleApp/CI_CD/actions-runner/_work/_temp'
[2021-05-10 11:42:50Z INFO ActionRunner] Write event payload to /home/edge/Desktop/Workshop_Siemens_IE_App_Development_2021_05_10/CI_CD_GitHubActions_ExampleApp/CI_CD/actions-runner/_work/_temp/_github_workflow/event.json
[2021-05-10 11:42:50Z INFO HostContext] Well known directory 'Bin': '/home/edge/Desktop/Workshop_Siemens_IE_App_Development_2021_05_10/CI_CD_GitHubActions_ExampleApp/CI_CD/actions-runner/bin'
[2021-05-10 11:42:50Z INFO HostContext] Well known directory 'Root': '/home/edge/Desktop/Workshop_Siemens_IE_App_Development_2021_05_10/CI_CD_GitHubActions_ExampleApp/CI_CD/actions-runner'
[2021-05-10 11:42:50Z INFO HostContext] Well known directory 'Work': '/home/edge/Desktop/Workshop_Siemens_IE_App_Development_2021_05_10/CI_CD_GitHubActions_ExampleApp/CI_CD/actions-runner/_work'
[2021-05-10 11:42:50Z INFO HostContext] Well known directory 'Temp': '/home/edge/Desktop/Workshop_Siemens_IE_App_Development_2021_05_10/CI_CD_GitHubActions_ExampleApp/CI_CD/actions-runner/_work/_temp'
[2021-05-10 11:42:50Z INFO ExtensionManager] Getting extensions for interface: 'GitHub.Runner.Worker.IFileCommandExtension'
[2021-05-10 11:42:50Z INFO ExtensionManager] Creating instance: GitHub.Runner.Worker.AddPathFileCommand, Runner.Worker
[2021-05-10 11:42:50Z INFO ExtensionManager] Creating instance: GitHub.Runner.Worker.SetEnvFileCommand, Runner.Worker
[2021-05-10 11:42:50Z INFO ExtensionManager] Getting extensions for interface: 'GitHub.Runner.Worker.IActionCommandExtension'
[2021-05-10 11:42:50Z INFO ExtensionManager] Creating instance: GitHub.Runner.Worker.InternalPluginSetRepoPathCommandExtension, Runner.Worker
[2021-05-10 11:42:50Z INFO ExtensionManager] Creating instance: GitHub.Runner.Worker.SetEnvCommandExtension, Runner.Worker
[2021-05-10 11:42:50Z INFO ExtensionManager] Creating instance: GitHub.Runner.Worker.SetOutputCommandExtension, Runner.Worker
[2021-05-10 11:42:50Z INFO ExtensionManager] Creating instance: GitHub.Runner.Worker.SaveStateCommandExtension, Runner.Worker
[2021-05-10 11:42:50Z INFO ExtensionManager] Creating instance: GitHub.Runner.Worker.AddPathCommandExtension, Runner.Worker
[2021-05-10 11:42:50Z INFO ExtensionManager] Creating instance: GitHub.Runner.Worker.AddMaskCommandExtension, Runner.Worker
[2021-05-10 11:42:50Z INFO ExtensionManager] Creating instance: GitHub.Runner.Worker.AddMatcherCommandExtension, Runner.Worker
[2021-05-10 11:42:50Z INFO ExtensionManager] Creating instance: GitHub.Runner.Worker.RemoveMatcherCommandExtension, Runner.Worker
[2021-05-10 11:42:50Z INFO ExtensionManager] Creating instance: GitHub.Runner.Worker.WarningCommandExtension, Runner.Worker
[2021-05-10 11:42:50Z INFO ExtensionManager] Creating instance: GitHub.Runner.Worker.ErrorCommandExtension, Runner.Worker
[2021-05-10 11:42:50Z INFO ExtensionManager] Creating instance: GitHub.Runner.Worker.DebugCommandExtension, Runner.Worker
[2021-05-10 11:42:50Z INFO ExtensionManager] Creating instance: GitHub.Runner.Worker.GroupCommandExtension, Runner.Worker
[2021-05-10 11:42:50Z INFO ExtensionManager] Creating instance: GitHub.Runner.Worker.EndGroupCommandExtension, Runner.Worker
[2021-05-10 11:42:50Z INFO ExtensionManager] Creating instance: GitHub.Runner.Worker.EchoCommandExtension, Runner.Worker
[2021-05-10 11:42:50Z INFO ActionCommandManager] Register action command extension for command internal-set-repo-path
[2021-05-10 11:42:50Z INFO ActionCommandManager] Register action command extension for command set-env
[2021-05-10 11:42:50Z INFO ActionCommandManager] Register action command extension for command set-output
[2021-05-10 11:42:50Z INFO ActionCommandManager] Register action command extension for command save-state
[2021-05-10 11:42:50Z INFO ActionCommandManager] Register action command extension for command add-path
[2021-05-10 11:42:50Z INFO ActionCommandManager] Register action command extension for command add-mask
[2021-05-10 11:42:50Z INFO ActionCommandManager] Register action command extension for command add-matcher
[2021-05-10 11:42:50Z INFO ActionCommandManager] Register action command extension for command remove-matcher
[2021-05-10 11:42:50Z INFO ActionCommandManager] Register action command extension for command warning
[2021-05-10 11:42:50Z INFO ActionCommandManager] Register action command extension for command error
[2021-05-10 11:42:50Z INFO ActionCommandManager] Register action command extension for command debug
[2021-05-10 11:42:50Z INFO ActionCommandManager] Register action command extension for command group
[2021-05-10 11:42:50Z INFO ActionCommandManager] Register action command extension for command endgroup
[2021-05-10 11:42:50Z INFO ActionCommandManager] Register action command extension for command echo
[2021-05-10 11:42:50Z INFO ScriptHandler] Which: 'bash'
[2021-05-10 11:42:50Z INFO ScriptHandler] Location: '/bin/bash'
[2021-05-10 11:42:50Z INFO HostContext] Well known directory 'Bin': '/home/edge/Desktop/Workshop_Siemens_IE_App_Development_2021_05_10/CI_CD_GitHubActions_ExampleApp/CI_CD/actions-runner/bin'
[2021-05-10 11:42:50Z INFO HostContext] Well known directory 'Root': '/home/edge/Desktop/Workshop_Siemens_IE_App_Development_2021_05_10/CI_CD_GitHubActions_ExampleApp/CI_CD/actions-runner'
[2021-05-10 11:42:50Z INFO HostContext] Well known directory 'Work': '/home/edge/Desktop/Workshop_Siemens_IE_App_Development_2021_05_10/CI_CD_GitHubActions_ExampleApp/CI_CD/actions-runner/_work'
[2021-05-10 11:42:50Z INFO HostContext] Well known directory 'Temp': '/home/edge/Desktop/Workshop_Siemens_IE_App_Development_2021_05_10/CI_CD_GitHubActions_ExampleApp/CI_CD/actions-runner/_work/_temp'
[2021-05-10 11:42:50Z INFO ScriptHandler] Which: 'bash'
[2021-05-10 11:42:50Z INFO ScriptHandler] Location: '/bin/bash'
[2021-05-10 11:42:50Z INFO ProcessInvokerWrapper] Starting process:
[2021-05-10 11:42:50Z INFO ProcessInvokerWrapper]   File name: '/bin/bash'
[2021-05-10 11:42:50Z INFO ProcessInvokerWrapper]   Arguments: '-e /home/edge/Desktop/Workshop_Siemens_IE_App_Development_2021_05_10/CI_CD_GitHubActions_ExampleApp/CI_CD/actions-runner/_work/_temp/116d3d5b-05ea-4ce8-9fe3-691a2546d198.sh'
[2021-05-10 11:42:50Z INFO ProcessInvokerWrapper]   Working directory: '/home/edge/Desktop/Workshop_Siemens_IE_App_Development_2021_05_10/CI_CD_GitHubActions_ExampleApp/CI_CD/actions-runner/_work/CI_CD_GitHubActions_ExampleApp/CI_CD_GitHubActions_ExampleApp'
[2021-05-10 11:42:50Z INFO ProcessInvokerWrapper]   Require exit code zero: 'False'
[2021-05-10 11:42:50Z INFO ProcessInvokerWrapper]   Encoding web name:  ; code page: ''
[2021-05-10 11:42:50Z INFO ProcessInvokerWrapper]   Force kill process on cancellation: 'False'
[2021-05-10 11:42:50Z INFO ProcessInvokerWrapper]   Redirected STDIN: 'False'
[2021-05-10 11:42:50Z INFO ProcessInvokerWrapper]   Persist current code page: 'False'
[2021-05-10 11:42:50Z INFO ProcessInvokerWrapper]   Keep redirected STDIN open: 'False'
[2021-05-10 11:42:50Z INFO ProcessInvokerWrapper]   High priority process: 'False'
[2021-05-10 11:42:50Z INFO ProcessInvokerWrapper] Updated oom_score_adj to 500 for PID: 29656.
[2021-05-10 11:42:50Z INFO ProcessInvokerWrapper] Process started with process id 29656, waiting for process exit.
[2021-05-10 11:42:50Z INFO JobServerQueue] Try to append 1 batches web console lines for record 'dfd302f4-1dc9-4ba2-86d0-0582b826d5b9', success rate: 1/1.
[2021-05-10 11:42:51Z INFO ProcessInvokerWrapper] STDOUT/STDERR stream read finished.
[2021-05-10 11:42:51Z INFO ProcessInvokerWrapper] STDOUT/STDERR stream read finished.
[2021-05-10 11:42:51Z INFO ProcessInvokerWrapper] Finished process 29656 with exit code 0, and elapsed time 00:00:00.6772359.
[2021-05-10 11:42:51Z INFO StepsRunner] Step result: 
[2021-05-10 11:42:51Z INFO StepsRunner] No need for updating job result with current step result 'Succeeded'.
[2021-05-10 11:42:51Z INFO StepsRunner] Current state: job state = ''
[2021-05-10 11:42:51Z INFO StepsRunner] Processing step: DisplayName='Uploading app to IEM'
[2021-05-10 11:42:51Z INFO StepsRunner] Initialize Env context for step
[2021-05-10 11:42:51Z INFO StepsRunner] Evaluating: success()
[2021-05-10 11:42:51Z INFO StepsRunner] Result: true
[2021-05-10 11:42:51Z INFO StepsRunner] Starting the step.
[2021-05-10 11:42:51Z INFO HostContext] Well known directory 'Bin': '/home/edge/Desktop/Workshop_Siemens_IE_App_Development_2021_05_10/CI_CD_GitHubActions_ExampleApp/CI_CD/actions-runner/bin'
[2021-05-10 11:42:51Z INFO HostContext] Well known directory 'Root': '/home/edge/Desktop/Workshop_Siemens_IE_App_Development_2021_05_10/CI_CD_GitHubActions_ExampleApp/CI_CD/actions-runner'
[2021-05-10 11:42:51Z INFO HostContext] Well known directory 'Work': '/home/edge/Desktop/Workshop_Siemens_IE_App_Development_2021_05_10/CI_CD_GitHubActions_ExampleApp/CI_CD/actions-runner/_work'
[2021-05-10 11:42:51Z INFO HostContext] Well known directory 'Temp': '/home/edge/Desktop/Workshop_Siemens_IE_App_Development_2021_05_10/CI_CD_GitHubActions_ExampleApp/CI_CD/actions-runner/_work/_temp'
[2021-05-10 11:42:51Z INFO ActionRunner] Write event payload to /home/edge/Desktop/Workshop_Siemens_IE_App_Development_2021_05_10/CI_CD_GitHubActions_ExampleApp/CI_CD/actions-runner/_work/_temp/_github_workflow/event.json
[2021-05-10 11:42:51Z INFO HostContext] Well known directory 'Bin': '/home/edge/Desktop/Workshop_Siemens_IE_App_Development_2021_05_10/CI_CD_GitHubActions_ExampleApp/CI_CD/actions-runner/bin'
[2021-05-10 11:42:51Z INFO HostContext] Well known directory 'Root': '/home/edge/Desktop/Workshop_Siemens_IE_App_Development_2021_05_10/CI_CD_GitHubActions_ExampleApp/CI_CD/actions-runner'
[2021-05-10 11:42:51Z INFO HostContext] Well known directory 'Work': '/home/edge/Desktop/Workshop_Siemens_IE_App_Development_2021_05_10/CI_CD_GitHubActions_ExampleApp/CI_CD/actions-runner/_work'
[2021-05-10 11:42:51Z INFO HostContext] Well known directory 'Temp': '/home/edge/Desktop/Workshop_Siemens_IE_App_Development_2021_05_10/CI_CD_GitHubActions_ExampleApp/CI_CD/actions-runner/_work/_temp'
[2021-05-10 11:42:51Z INFO ExtensionManager] Getting extensions for interface: 'GitHub.Runner.Worker.IFileCommandExtension'
[2021-05-10 11:42:51Z INFO ExtensionManager] Getting extensions for interface: 'GitHub.Runner.Worker.IActionCommandExtension'
[2021-05-10 11:42:51Z INFO ActionCommandManager] Register action command extension for command internal-set-repo-path
[2021-05-10 11:42:51Z INFO ActionCommandManager] Register action command extension for command set-env
[2021-05-10 11:42:51Z INFO ActionCommandManager] Register action command extension for command set-output
[2021-05-10 11:42:51Z INFO ActionCommandManager] Register action command extension for command save-state
[2021-05-10 11:42:51Z INFO ActionCommandManager] Register action command extension for command add-path
[2021-05-10 11:42:51Z INFO ActionCommandManager] Register action command extension for command add-mask
[2021-05-10 11:42:51Z INFO ActionCommandManager] Register action command extension for command add-matcher
[2021-05-10 11:42:51Z INFO ActionCommandManager] Register action command extension for command remove-matcher
[2021-05-10 11:42:51Z INFO ActionCommandManager] Register action command extension for command warning
[2021-05-10 11:42:51Z INFO ActionCommandManager] Register action command extension for command error
[2021-05-10 11:42:51Z INFO ActionCommandManager] Register action command extension for command debug
[2021-05-10 11:42:51Z INFO ActionCommandManager] Register action command extension for command group
[2021-05-10 11:42:51Z INFO ActionCommandManager] Register action command extension for command endgroup
[2021-05-10 11:42:51Z INFO ActionCommandManager] Register action command extension for command echo
[2021-05-10 11:42:51Z INFO ScriptHandler] Which: 'bash'
[2021-05-10 11:42:51Z INFO ScriptHandler] Location: '/bin/bash'
[2021-05-10 11:42:51Z INFO HostContext] Well known directory 'Bin': '/home/edge/Desktop/Workshop_Siemens_IE_App_Development_2021_05_10/CI_CD_GitHubActions_ExampleApp/CI_CD/actions-runner/bin'
[2021-05-10 11:42:51Z INFO HostContext] Well known directory 'Root': '/home/edge/Desktop/Workshop_Siemens_IE_App_Development_2021_05_10/CI_CD_GitHubActions_ExampleApp/CI_CD/actions-runner'
[2021-05-10 11:42:51Z INFO HostContext] Well known directory 'Work': '/home/edge/Desktop/Workshop_Siemens_IE_App_Development_2021_05_10/CI_CD_GitHubActions_ExampleApp/CI_CD/actions-runner/_work'
[2021-05-10 11:42:51Z INFO HostContext] Well known directory 'Temp': '/home/edge/Desktop/Workshop_Siemens_IE_App_Development_2021_05_10/CI_CD_GitHubActions_ExampleApp/CI_CD/actions-runner/_work/_temp'
[2021-05-10 11:42:51Z INFO ScriptHandler] Which: 'bash'
[2021-05-10 11:42:51Z INFO ScriptHandler] Location: '/bin/bash'
[2021-05-10 11:42:51Z INFO ProcessInvokerWrapper] Starting process:
[2021-05-10 11:42:51Z INFO ProcessInvokerWrapper]   File name: '/bin/bash'
[2021-05-10 11:42:51Z INFO ProcessInvokerWrapper]   Arguments: '-e /home/edge/Desktop/Workshop_Siemens_IE_App_Development_2021_05_10/CI_CD_GitHubActions_ExampleApp/CI_CD/actions-runner/_work/_temp/31956e52-e776-43ce-ac46-5314318ec138.sh'
[2021-05-10 11:42:51Z INFO ProcessInvokerWrapper]   Working directory: '/home/edge/Desktop/Workshop_Siemens_IE_App_Development_2021_05_10/CI_CD_GitHubActions_ExampleApp/CI_CD/actions-runner/_work/CI_CD_GitHubActions_ExampleApp/CI_CD_GitHubActions_ExampleApp'
[2021-05-10 11:42:51Z INFO ProcessInvokerWrapper]   Require exit code zero: 'False'
[2021-05-10 11:42:51Z INFO ProcessInvokerWrapper]   Encoding web name:  ; code page: ''
[2021-05-10 11:42:51Z INFO ProcessInvokerWrapper]   Force kill process on cancellation: 'False'
[2021-05-10 11:42:51Z INFO ProcessInvokerWrapper]   Redirected STDIN: 'False'
[2021-05-10 11:42:51Z INFO ProcessInvokerWrapper]   Persist current code page: 'False'
[2021-05-10 11:42:51Z INFO ProcessInvokerWrapper]   Keep redirected STDIN open: 'False'
[2021-05-10 11:42:51Z INFO ProcessInvokerWrapper]   High priority process: 'False'
[2021-05-10 11:42:51Z INFO ProcessInvokerWrapper] Updated oom_score_adj to 500 for PID: 29682.
[2021-05-10 11:42:51Z INFO ProcessInvokerWrapper] Process started with process id 29682, waiting for process exit.
[2021-05-10 11:42:51Z INFO JobServerQueue] Try to append 1 batches web console lines for record '46f41c29-8213-5ad4-4150-8ee18aff5b52', success rate: 1/1.
[2021-05-10 11:42:51Z INFO JobServerQueue] Try to upload 1 log files or attachments, success rate: 1/1.
[2021-05-10 11:42:52Z INFO JobServerQueue] Try to append 1 batches web console lines for record '46f41c29-8213-5ad4-4150-8ee18aff5b52', success rate: 1/1.
[2021-05-10 11:42:52Z INFO JobServerQueue] Try to append 1 batches web console lines for record 'a9a46c54-9ba4-5773-aba2-35c7c217d46d', success rate: 1/1.
[2021-05-10 11:42:53Z INFO JobServerQueue] Try to append 1 batches web console lines for record 'a9a46c54-9ba4-5773-aba2-35c7c217d46d', success rate: 1/1.
[2021-05-10 11:42:53Z INFO JobServerQueue] Try to upload 1 log files or attachments, success rate: 1/1.
[2021-05-10 11:42:53Z INFO JobServerQueue] Try to append 1 batches web console lines for record 'a9a46c54-9ba4-5773-aba2-35c7c217d46d', success rate: 1/1.
[2021-05-10 11:42:54Z INFO ProcessInvokerWrapper] STDOUT/STDERR stream read finished.
[2021-05-10 11:42:54Z INFO ProcessInvokerWrapper] STDOUT/STDERR stream read finished.
[2021-05-10 11:42:54Z INFO ProcessInvokerWrapper] Finished process 29682 with exit code 1, and elapsed time 00:00:02.6406988.
[2021-05-10 11:42:54Z INFO StepsRunner] Step result: Failed
[2021-05-10 11:42:54Z INFO StepsRunner] Update job result with current step result 'Failed'.
[2021-05-10 11:42:54Z INFO StepsRunner] Current state: job state = 'Failed'
[2021-05-10 11:42:54Z INFO JobRunner] Finalize job.
[2021-05-10 11:42:54Z INFO HostContext] Well known directory 'Bin': '/home/edge/Desktop/Workshop_Siemens_IE_App_Development_2021_05_10/CI_CD_GitHubActions_ExampleApp/CI_CD/actions-runner/bin'
[2021-05-10 11:42:54Z INFO HostContext] Well known directory 'Root': '/home/edge/Desktop/Workshop_Siemens_IE_App_Development_2021_05_10/CI_CD_GitHubActions_ExampleApp/CI_CD/actions-runner'
[2021-05-10 11:42:54Z INFO HostContext] Well known directory 'Diag': '/home/edge/Desktop/Workshop_Siemens_IE_App_Development_2021_05_10/CI_CD_GitHubActions_ExampleApp/CI_CD/actions-runner/_diag'
[2021-05-10 11:42:54Z INFO JobExtension] Initialize Env context
[2021-05-10 11:42:54Z INFO JobExtension] Initialize steps context
[2021-05-10 11:42:54Z INFO JobExtension] Total accessible running process: 317.
[2021-05-10 11:42:54Z INFO JobExtension] Inspecting process environment variables. PID: 28317 (kworker/2:1-events)
[2021-05-10 11:42:54Z INFO LinuxProcessExtensions] Read env from /proc/28317/environ
[2021-05-10 11:42:54Z WARN JobExtension] Ignore exception during read process environment variables: Access to the path '/proc/28317/environ' is denied.
[2021-05-10 11:42:54Z INFO JobServerQueue] Try to append 1 batches web console lines for record 'a9a46c54-9ba4-5773-aba2-35c7c217d46d', success rate: 1/1.
[2021-05-10 11:42:54Z INFO JobExtension] Inspecting process environment variables. PID: 28533 (kworker/3:0-events)
[2021-05-10 11:42:54Z INFO LinuxProcessExtensions] Read env from /proc/28533/environ
[2021-05-10 11:42:54Z WARN JobExtension] Ignore exception during read process environment variables: Access to the path '/proc/28533/environ' is denied.
[2021-05-10 11:42:54Z INFO JobExtension] Inspecting process environment variables. PID: 29665 (chrome --type=renderer --field-trial-handle=13860405571664220149,14048311275753337465,131072 --lang=en-US --enable-crash-reporter=460149bf-9d35-4bb3-a424-020dc41d9bc4, --extension-process --origin-trial-disabled-features=SecurePaymentConfirmation --num-raster-threads=2 --enable-main-frame-before-activation --renderer-client-id=84 --no-v8-untrusted-code-mitigations --shared-files=v8_context_snapshot_data:100)
[2021-05-10 11:42:54Z INFO LinuxProcessExtensions] Read env from /proc/29665/environ
[2021-05-10 11:42:54Z INFO JobRunner] Job result after all job steps finish: Failed
[2021-05-10 11:42:54Z INFO JobRunner] Completing the job execution context.
[2021-05-10 11:42:54Z INFO JobRunner] Shutting down the job server queue.
[2021-05-10 11:42:54Z INFO JobServerQueue] Fire signal to shutdown all queues.
[2021-05-10 11:42:54Z INFO JobServerQueue] All queue process task stopped.
[2021-05-10 11:42:54Z INFO JobServerQueue] Try to append 1 batches web console lines for record '801d906c-e2bc-49dc-9710-233c1db4ab6d', success rate: 1/1.
[2021-05-10 11:42:54Z INFO JobServerQueue] Web console line queue drained.
[2021-05-10 11:42:54Z INFO JobServerQueue] Uploading 3 files in one shot.
[2021-05-10 11:42:55Z INFO JobServerQueue] Try to upload 3 log files or attachments, success rate: 3/3.
[2021-05-10 11:42:55Z INFO JobServerQueue] File upload queue drained.
[2021-05-10 11:42:55Z INFO JobServerQueue] Timeline update queue drained.
[2021-05-10 11:42:55Z INFO JobServerQueue] All queue process tasks have been stopped, and all queues are drained.
[2021-05-10 11:42:55Z INFO TempDirectoryManager] Cleaning runner temp folder: /home/edge/Desktop/Workshop_Siemens_IE_App_Development_2021_05_10/CI_CD_GitHubActions_ExampleApp/CI_CD/actions-runner/_work/_temp
[2021-05-10 11:42:55Z INFO JobRunner] Raising job completed event.
[2021-05-10 11:42:55Z INFO Worker] Job completed.
